-- The C compiler identification is GNU 9.4.0
-- The CXX compiler identification is GNU 9.4.0
-- Check for working C compiler: /usr/bin/cc
-- Check for working C compiler: /usr/bin/cc -- works
-- Detecting C compiler ABI info
-- Detecting C compiler ABI info - done
-- Detecting C compile features
-- Detecting C compile features - done
-- Check for working CXX compiler: /usr/bin/c++
-- Check for working CXX compiler: /usr/bin/c++ -- works
-- Detecting CXX compiler ABI info
-- Detecting CXX compiler ABI info - done
-- Detecting CXX compile features
-- Detecting CXX compile features - done
-- Found ament_cmake: 0.9.9 (/opt/ros/foxy/share/ament_cmake/cmake)
-- Found PythonInterp: /usr/bin/python3 (found suitable version "3.8.10", minimum required is "3") 
-- Using PYTHON_EXECUTABLE: /usr/bin/python3
-- Found ament_index_cpp: 1.1.0 (/opt/ros/foxy/share/ament_index_cpp/cmake)
-- Found geometry_msgs: 2.0.5 (/opt/ros/foxy/share/geometry_msgs/cmake)
-- Using all available rosidl_typesupport_c: rosidl_typesupport_fastrtps_c;rosidl_typesupport_introspection_c
-- Found rosidl_adapter: 1.2.1 (/opt/ros/foxy/share/rosidl_adapter/cmake)
-- Found OpenSSL: /usr/lib/x86_64-linux-gnu/libcrypto.so (found version "1.1.1f")  
-- Found FastRTPS: /opt/ros/foxy/include  
-- Using all available rosidl_typesupport_cpp: rosidl_typesupport_fastrtps_cpp;rosidl_typesupport_introspection_cpp
-- Found rclcpp: 2.4.1 (/opt/ros/foxy/share/rclcpp/cmake)
-- Found rmw_implementation_cmake: 1.0.3 (/opt/ros/foxy/share/rmw_implementation_cmake/cmake)
-- Using RMW implementation 'rmw_fastrtps_cpp' as default
-- Looking for pthread.h
-- Looking for pthread.h - found
-- Performing Test CMAKE_HAVE_LIBC_PTHREAD
-- Performing Test CMAKE_HAVE_LIBC_PTHREAD - Failed
-- Looking for pthread_create in pthreads
-- Looking for pthread_create in pthreads - not found
-- Looking for pthread_create in pthread
-- Looking for pthread_create in pthread - found
-- Found Threads: TRUE  
-- Found rclcpp_action: 2.4.1 (/opt/ros/foxy/share/rclcpp_action/cmake)
-- Found rosidl_default_generators: 1.0.1 (/opt/ros/foxy/share/rosidl_default_generators/cmake)
-- Found std_srvs: 2.0.5 (/opt/ros/foxy/share/std_srvs/cmake)
-- Found PythonInterp: /usr/bin/python3 (found version "3.8.10") 
-- Found ament_cmake_ros: 0.9.2 (/opt/ros/foxy/share/ament_cmake_ros/cmake)
-- Using all available rosidl_typesupport_c: rosidl_typesupport_fastrtps_c;rosidl_typesupport_introspection_c
-- Using all available rosidl_typesupport_cpp: rosidl_typesupport_fastrtps_cpp;rosidl_typesupport_introspection_cpp
-- Found PythonInterp: /usr/bin/python3 (found suitable version "3.8.10", minimum required is "3.5") 
-- Found python_cmake_module: 0.8.1 (/opt/ros/foxy/share/python_cmake_module/cmake)
-- Found PythonLibs: /usr/lib/x86_64-linux-gnu/libpython3.8.so (found suitable version "3.8.10", minimum required is "3.5") 
-- Using PYTHON_EXECUTABLE: /usr/bin/python3
-- Using PYTHON_INCLUDE_DIRS: /usr/include/python3.8
-- Using PYTHON_LIBRARIES: /usr/lib/x86_64-linux-gnu/libpython3.8.so
-- Found PythonExtra: .so  
-- Configuring done
-- Generating done
-- Build files have been written to: /root/rootfs/demo_workspace/build/turtlesim
[  1%] [34m[1mGenerating C code for ROS interfaces[0m
[35m[1mScanning dependencies of target turtlesim__cpp[0m
[  2%] [34m[1mGenerating C++ code for ROS interfaces[0m
[  2%] Built target turtlesim__cpp
[  3%] [34m[1mGenerating C++ type support dispatch for ROS interfaces[0m
[  4%] [34m[1mGenerating C++ introspection for ROS interfaces[0m
[  5%] [34m[1mGenerating C++ type support for eProsima Fast-RTPS[0m
[35m[1mScanning dependencies of target turtlesim__rosidl_generator_c[0m
[  6%] [32mBuilding C object CMakeFiles/turtlesim__rosidl_generator_c.dir/rosidl_generator_c/turtlesim/action/detail/rotate_absolute__functions.c.o[0m
[  7%] [32mBuilding C object CMakeFiles/turtlesim__rosidl_generator_c.dir/rosidl_generator_c/turtlesim/msg/detail/color__functions.c.o[0m
[  8%] [32mBuilding C object CMakeFiles/turtlesim__rosidl_generator_c.dir/rosidl_generator_c/turtlesim/msg/detail/pose__functions.c.o[0m
[  9%] [32mBuilding C object CMakeFiles/turtlesim__rosidl_generator_c.dir/rosidl_generator_c/turtlesim/srv/detail/kill__functions.c.o[0m
[ 10%] [32mBuilding C object CMakeFiles/turtlesim__rosidl_generator_c.dir/rosidl_generator_c/turtlesim/srv/detail/set_pen__functions.c.o[0m
[ 11%] [32mBuilding C object CMakeFiles/turtlesim__rosidl_generator_c.dir/rosidl_generator_c/turtlesim/srv/detail/spawn__functions.c.o[0m
[35m[1mScanning dependencies of target turtlesim__rosidl_typesupport_cpp[0m
[ 12%] [32mBuilding CXX object CMakeFiles/turtlesim__rosidl_typesupport_cpp.dir/rosidl_typesupport_cpp/turtlesim/action/rotate_absolute__type_support.cpp.o[0m
[ 13%] [32mBuilding C object CMakeFiles/turtlesim__rosidl_generator_c.dir/rosidl_generator_c/turtlesim/srv/detail/teleport_absolute__functions.c.o[0m
[ 14%] [32mBuilding C object CMakeFiles/turtlesim__rosidl_generator_c.dir/rosidl_generator_c/turtlesim/srv/detail/teleport_relative__functions.c.o[0m
[ 15%] [32m[1mLinking C shared library libturtlesim__rosidl_generator_c.so[0m
[ 15%] Built target turtlesim__rosidl_generator_c
[ 16%] [34m[1mGenerating C type support dispatch for ROS interfaces[0m
[35m[1mScanning dependencies of target turtlesim__rosidl_typesupport_introspection_cpp[0m
[ 17%] [32mBuilding CXX object CMakeFiles/turtlesim__rosidl_typesupport_introspection_cpp.dir/rosidl_typesupport_introspection_cpp/turtlesim/action/detail/rotate_absolute__type_support.cpp.o[0m
[35m[1mScanning dependencies of target turtlesim__rosidl_typesupport_fastrtps_cpp[0m
[ 18%] [32mBuilding CXX object CMakeFiles/turtlesim__rosidl_typesupport_cpp.dir/rosidl_typesupport_cpp/turtlesim/msg/color__type_support.cpp.o[0m
[ 19%] [32mBuilding CXX object CMakeFiles/turtlesim__rosidl_typesupport_fastrtps_cpp.dir/rosidl_typesupport_fastrtps_cpp/turtlesim/action/detail/dds_fastrtps/rotate_absolute__type_support.cpp.o[0m
[ 20%] [32mBuilding CXX object CMakeFiles/turtlesim__rosidl_typesupport_introspection_cpp.dir/rosidl_typesupport_introspection_cpp/turtlesim/msg/detail/color__type_support.cpp.o[0m
[35m[1mScanning dependencies of target turtlesim__rosidl_typesupport_c[0m
[ 21%] [32mBuilding CXX object CMakeFiles/turtlesim__rosidl_typesupport_cpp.dir/rosidl_typesupport_cpp/turtlesim/msg/pose__type_support.cpp.o[0m
[ 22%] [32mBuilding CXX object CMakeFiles/turtlesim__rosidl_typesupport_c.dir/rosidl_typesupport_c/turtlesim/action/rotate_absolute__type_support.cpp.o[0m
[ 23%] [32mBuilding CXX object CMakeFiles/turtlesim__rosidl_typesupport_c.dir/rosidl_typesupport_c/turtlesim/msg/color__type_support.cpp.o[0m
[ 24%] [32mBuilding CXX object CMakeFiles/turtlesim__rosidl_typesupport_c.dir/rosidl_typesupport_c/turtlesim/msg/pose__type_support.cpp.o[0m
[ 25%] [32mBuilding CXX object CMakeFiles/turtlesim__rosidl_typesupport_c.dir/rosidl_typesupport_c/turtlesim/srv/kill__type_support.cpp.o[0m
[ 26%] [32mBuilding CXX object CMakeFiles/turtlesim__rosidl_typesupport_c.dir/rosidl_typesupport_c/turtlesim/srv/set_pen__type_support.cpp.o[0m
[ 27%] [32mBuilding CXX object CMakeFiles/turtlesim__rosidl_typesupport_c.dir/rosidl_typesupport_c/turtlesim/srv/spawn__type_support.cpp.o[0m
[ 28%] [32mBuilding CXX object CMakeFiles/turtlesim__rosidl_typesupport_fastrtps_cpp.dir/rosidl_typesupport_fastrtps_cpp/turtlesim/msg/detail/dds_fastrtps/color__type_support.cpp.o[0m
[ 29%] [32mBuilding CXX object CMakeFiles/turtlesim__rosidl_typesupport_c.dir/rosidl_typesupport_c/turtlesim/srv/teleport_absolute__type_support.cpp.o[0m
[ 30%] [32mBuilding CXX object CMakeFiles/turtlesim__rosidl_typesupport_introspection_cpp.dir/rosidl_typesupport_introspection_cpp/turtlesim/msg/detail/pose__type_support.cpp.o[0m
[ 31%] [32mBuilding CXX object CMakeFiles/turtlesim__rosidl_typesupport_c.dir/rosidl_typesupport_c/turtlesim/srv/teleport_relative__type_support.cpp.o[0m
[ 32%] [32mBuilding CXX object CMakeFiles/turtlesim__rosidl_typesupport_cpp.dir/rosidl_typesupport_cpp/turtlesim/srv/kill__type_support.cpp.o[0m
[ 33%] [32m[1mLinking CXX shared library libturtlesim__rosidl_typesupport_c.so[0m
[ 33%] Built target turtlesim__rosidl_typesupport_c
[ 34%] [32mBuilding CXX object CMakeFiles/turtlesim__rosidl_typesupport_cpp.dir/rosidl_typesupport_cpp/turtlesim/srv/set_pen__type_support.cpp.o[0m
[ 35%] [32mBuilding CXX object CMakeFiles/turtlesim__rosidl_typesupport_introspection_cpp.dir/rosidl_typesupport_introspection_cpp/turtlesim/srv/detail/kill__type_support.cpp.o[0m
[ 36%] [32mBuilding CXX object CMakeFiles/turtlesim__rosidl_typesupport_introspection_cpp.dir/rosidl_typesupport_introspection_cpp/turtlesim/srv/detail/set_pen__type_support.cpp.o[0m
[ 37%] [32mBuilding CXX object CMakeFiles/turtlesim__rosidl_typesupport_fastrtps_cpp.dir/rosidl_typesupport_fastrtps_cpp/turtlesim/msg/detail/dds_fastrtps/pose__type_support.cpp.o[0m
[ 38%] [32mBuilding CXX object CMakeFiles/turtlesim__rosidl_typesupport_cpp.dir/rosidl_typesupport_cpp/turtlesim/srv/spawn__type_support.cpp.o[0m
[ 39%] [32mBuilding CXX object CMakeFiles/turtlesim__rosidl_typesupport_cpp.dir/rosidl_typesupport_cpp/turtlesim/srv/teleport_absolute__type_support.cpp.o[0m
[ 40%] [32mBuilding CXX object CMakeFiles/turtlesim__rosidl_typesupport_introspection_cpp.dir/rosidl_typesupport_introspection_cpp/turtlesim/srv/detail/spawn__type_support.cpp.o[0m
[ 41%] [32mBuilding CXX object CMakeFiles/turtlesim__rosidl_typesupport_fastrtps_cpp.dir/rosidl_typesupport_fastrtps_cpp/turtlesim/srv/detail/dds_fastrtps/kill__type_support.cpp.o[0m
[ 42%] [32mBuilding CXX object CMakeFiles/turtlesim__rosidl_typesupport_introspection_cpp.dir/rosidl_typesupport_introspection_cpp/turtlesim/srv/detail/teleport_absolute__type_support.cpp.o[0m
[ 43%] [32mBuilding CXX object CMakeFiles/turtlesim__rosidl_typesupport_cpp.dir/rosidl_typesupport_cpp/turtlesim/srv/teleport_relative__type_support.cpp.o[0m
[ 44%] [32mBuilding CXX object CMakeFiles/turtlesim__rosidl_typesupport_introspection_cpp.dir/rosidl_typesupport_introspection_cpp/turtlesim/srv/detail/teleport_relative__type_support.cpp.o[0m
[ 45%] [32mBuilding CXX object CMakeFiles/turtlesim__rosidl_typesupport_fastrtps_cpp.dir/rosidl_typesupport_fastrtps_cpp/turtlesim/srv/detail/dds_fastrtps/set_pen__type_support.cpp.o[0m
[ 46%] [32m[1mLinking CXX shared library libturtlesim__rosidl_typesupport_cpp.so[0m
[ 46%] Built target turtlesim__rosidl_typesupport_cpp
[ 47%] [34m[1mGenerating C introspection for ROS interfaces[0m
[ 48%] [32m[1mLinking CXX shared library libturtlesim__rosidl_typesupport_introspection_cpp.so[0m
[ 49%] [32mBuilding CXX object CMakeFiles/turtlesim__rosidl_typesupport_fastrtps_cpp.dir/rosidl_typesupport_fastrtps_cpp/turtlesim/srv/detail/dds_fastrtps/spawn__type_support.cpp.o[0m
[ 49%] Built target turtlesim__rosidl_typesupport_introspection_cpp
[ 50%] [32mBuilding CXX object CMakeFiles/turtlesim__rosidl_typesupport_fastrtps_cpp.dir/rosidl_typesupport_fastrtps_cpp/turtlesim/srv/detail/dds_fastrtps/teleport_absolute__type_support.cpp.o[0m
[ 51%] [32mBuilding CXX object CMakeFiles/turtlesim__rosidl_typesupport_fastrtps_cpp.dir/rosidl_typesupport_fastrtps_cpp/turtlesim/srv/detail/dds_fastrtps/teleport_relative__type_support.cpp.o[0m
[ 52%] [32m[1mLinking CXX shared library libturtlesim__rosidl_typesupport_fastrtps_cpp.so[0m
[35m[1mScanning dependencies of target turtlesim__rosidl_typesupport_introspection_c[0m
[ 54%] [32mBuilding C object CMakeFiles/turtlesim__rosidl_typesupport_introspection_c.dir/rosidl_typesupport_introspection_c/turtlesim/msg/detail/color__type_support.c.o[0m
[ 54%] [32mBuilding C object CMakeFiles/turtlesim__rosidl_typesupport_introspection_c.dir/rosidl_typesupport_introspection_c/turtlesim/action/detail/rotate_absolute__type_support.c.o[0m
[ 55%] [32mBuilding C object CMakeFiles/turtlesim__rosidl_typesupport_introspection_c.dir/rosidl_typesupport_introspection_c/turtlesim/msg/detail/pose__type_support.c.o[0m
[ 56%] Built target turtlesim__rosidl_typesupport_fastrtps_cpp
[ 56%] [32mBuilding C object CMakeFiles/turtlesim__rosidl_typesupport_introspection_c.dir/rosidl_typesupport_introspection_c/turtlesim/srv/detail/kill__type_support.c.o[0m
[ 57%] [32mBuilding C object CMakeFiles/turtlesim__rosidl_typesupport_introspection_c.dir/rosidl_typesupport_introspection_c/turtlesim/srv/detail/set_pen__type_support.c.o[0m
[ 58%] [34m[1mGenerating C type support for eProsima Fast-RTPS[0m
[ 59%] [32mBuilding C object CMakeFiles/turtlesim__rosidl_typesupport_introspection_c.dir/rosidl_typesupport_introspection_c/turtlesim/srv/detail/spawn__type_support.c.o[0m
[ 60%] [32mBuilding C object CMakeFiles/turtlesim__rosidl_typesupport_introspection_c.dir/rosidl_typesupport_introspection_c/turtlesim/srv/detail/teleport_absolute__type_support.c.o[0m
[ 61%] [32mBuilding C object CMakeFiles/turtlesim__rosidl_typesupport_introspection_c.dir/rosidl_typesupport_introspection_c/turtlesim/srv/detail/teleport_relative__type_support.c.o[0m
[ 62%] [32m[1mLinking C shared library libturtlesim__rosidl_typesupport_introspection_c.so[0m
[ 62%] Built target turtlesim__rosidl_typesupport_introspection_c
[35m[1mScanning dependencies of target turtlesim__rosidl_typesupport_fastrtps_c[0m
[ 64%] [32mBuilding CXX object CMakeFiles/turtlesim__rosidl_typesupport_fastrtps_c.dir/rosidl_typesupport_fastrtps_c/turtlesim/action/detail/rotate_absolute__type_support_c.cpp.o[0m
[ 64%] [32mBuilding CXX object CMakeFiles/turtlesim__rosidl_typesupport_fastrtps_c.dir/rosidl_typesupport_fastrtps_c/turtlesim/msg/detail/pose__type_support_c.cpp.o[0m
[ 65%] [32mBuilding CXX object CMakeFiles/turtlesim__rosidl_typesupport_fastrtps_c.dir/rosidl_typesupport_fastrtps_c/turtlesim/msg/detail/color__type_support_c.cpp.o[0m
[ 66%] [32mBuilding CXX object CMakeFiles/turtlesim__rosidl_typesupport_fastrtps_c.dir/rosidl_typesupport_fastrtps_c/turtlesim/srv/detail/kill__type_support_c.cpp.o[0m
[ 67%] [32mBuilding CXX object CMakeFiles/turtlesim__rosidl_typesupport_fastrtps_c.dir/rosidl_typesupport_fastrtps_c/turtlesim/srv/detail/set_pen__type_support_c.cpp.o[0m
[ 68%] [32mBuilding CXX object CMakeFiles/turtlesim__rosidl_typesupport_fastrtps_c.dir/rosidl_typesupport_fastrtps_c/turtlesim/srv/detail/spawn__type_support_c.cpp.o[0m
[ 69%] [32mBuilding CXX object CMakeFiles/turtlesim__rosidl_typesupport_fastrtps_c.dir/rosidl_typesupport_fastrtps_c/turtlesim/srv/detail/teleport_absolute__type_support_c.cpp.o[0m
[ 70%] [32mBuilding CXX object CMakeFiles/turtlesim__rosidl_typesupport_fastrtps_c.dir/rosidl_typesupport_fastrtps_c/turtlesim/srv/detail/teleport_relative__type_support_c.cpp.o[0m
[ 71%] [32m[1mLinking CXX shared library libturtlesim__rosidl_typesupport_fastrtps_c.so[0m
[ 71%] Built target turtlesim__rosidl_typesupport_fastrtps_c
[35m[1mScanning dependencies of target turtlesim[0m
[ 71%] Built target turtlesim
[35m[1mScanning dependencies of target draw_square[0m
[35m[1mScanning dependencies of target turtle_teleop_key[0m
[35m[1mScanning dependencies of target turtlesim__py[0m
[35m[1mScanning dependencies of target mimic[0m
[ 72%] [34m[1mGenerating Python code for ROS interfaces[0m
[ 73%] [32mBuilding CXX object CMakeFiles/mimic.dir/tutorials/mimic.cpp.o[0m
[ 74%] [32mBuilding CXX object CMakeFiles/draw_square.dir/tutorials/draw_square.cpp.o[0m
[ 75%] [32mBuilding CXX object CMakeFiles/turtle_teleop_key.dir/tutorials/teleop_turtle_key.cpp.o[0m
[ 75%] Built target turtlesim__py
[ 76%] [34m[1mGenerating include/turtlesim/moc_turtle_frame.cpp[0m
[35m[1mScanning dependencies of target turtlesim_node[0m
[ 77%] [32mBuilding CXX object CMakeFiles/turtlesim_node.dir/src/turtlesim.cpp.o[0m
[ 78%] [32m[1mLinking CXX executable mimic[0m
[ 79%] [32m[1mLinking CXX executable turtle_teleop_key[0m
[ 80%] [32mBuilding CXX object CMakeFiles/turtlesim_node.dir/src/turtle.cpp.o[0m
[ 80%] Built target mimic
[ 81%] [32mBuilding CXX object CMakeFiles/turtlesim_node.dir/src/turtle_frame.cpp.o[0m
[ 81%] Built target turtle_teleop_key
[35m[1mScanning dependencies of target turtlesim__python[0m
[ 82%] [32m[1mLinking CXX executable draw_square[0m
[ 83%] [32mBuilding C object CMakeFiles/turtlesim__python.dir/rosidl_generator_py/turtlesim/action/_rotate_absolute_s.c.o[0m
[ 84%] [32mBuilding C object CMakeFiles/turtlesim__python.dir/rosidl_generator_py/turtlesim/msg/_color_s.c.o[0m
[ 85%] [32mBuilding C object CMakeFiles/turtlesim__python.dir/rosidl_generator_py/turtlesim/msg/_pose_s.c.o[0m
[ 85%] Built target draw_square
[ 86%] [32mBuilding C object CMakeFiles/turtlesim__python.dir/rosidl_generator_py/turtlesim/srv/_kill_s.c.o[0m
[ 87%] [32mBuilding C object CMakeFiles/turtlesim__python.dir/rosidl_generator_py/turtlesim/srv/_set_pen_s.c.o[0m
[ 88%] [32mBuilding CXX object CMakeFiles/turtlesim_node.dir/include/turtlesim/moc_turtle_frame.cpp.o[0m
[ 89%] [32mBuilding C object CMakeFiles/turtlesim__python.dir/rosidl_generator_py/turtlesim/srv/_spawn_s.c.o[0m
[ 90%] [32mBuilding C object CMakeFiles/turtlesim__python.dir/rosidl_generator_py/turtlesim/srv/_teleport_absolute_s.c.o[0m
[ 91%] [32mBuilding C object CMakeFiles/turtlesim__python.dir/rosidl_generator_py/turtlesim/srv/_teleport_relative_s.c.o[0m
[ 92%] [32m[1mLinking C shared library rosidl_generator_py/turtlesim/libturtlesim__python.so[0m
[ 92%] Built target turtlesim__python
[35m[1mScanning dependencies of target turtlesim__rosidl_typesupport_introspection_c__pyext[0m
[ 93%] [32mBuilding C object CMakeFiles/turtlesim__rosidl_typesupport_introspection_c__pyext.dir/rosidl_generator_py/turtlesim/_turtlesim_s.ep.rosidl_typesupport_introspection_c.c.o[0m
[ 94%] [32m[1mLinking C shared library rosidl_generator_py/turtlesim/turtlesim_s__rosidl_typesupport_introspection_c.cpython-38-x86_64-linux-gnu.so[0m
[ 94%] Built target turtlesim__rosidl_typesupport_introspection_c__pyext
[35m[1mScanning dependencies of target turtlesim__rosidl_typesupport_fastrtps_c__pyext[0m
[ 95%] [32mBuilding C object CMakeFiles/turtlesim__rosidl_typesupport_fastrtps_c__pyext.dir/rosidl_generator_py/turtlesim/_turtlesim_s.ep.rosidl_typesupport_fastrtps_c.c.o[0m
[ 96%] [32m[1mLinking CXX shared library rosidl_generator_py/turtlesim/turtlesim_s__rosidl_typesupport_fastrtps_c.cpython-38-x86_64-linux-gnu.so[0m
[ 96%] Built target turtlesim__rosidl_typesupport_fastrtps_c__pyext
[35m[1mScanning dependencies of target turtlesim__rosidl_typesupport_c__pyext[0m
[ 97%] [32mBuilding C object CMakeFiles/turtlesim__rosidl_typesupport_c__pyext.dir/rosidl_generator_py/turtlesim/_turtlesim_s.ep.rosidl_typesupport_c.c.o[0m
[ 98%] [32m[1mLinking C shared library rosidl_generator_py/turtlesim/turtlesim_s__rosidl_typesupport_c.cpython-38-x86_64-linux-gnu.so[0m
[ 98%] Built target turtlesim__rosidl_typesupport_c__pyext
[100%] [32m[1mLinking CXX executable turtlesim_node[0m
[100%] Built target turtlesim_node
-- Install configuration: ""
-- Installing: /root/rootfs/demo_workspace/install/turtlesim/share/ament_index/resource_index/rosidl_interfaces/turtlesim
-- Installing: /root/rootfs/demo_workspace/install/turtlesim/include/turtlesim
-- Installing: /root/rootfs/demo_workspace/install/turtlesim/include/turtlesim/srv
-- Installing: /root/rootfs/demo_workspace/install/turtlesim/include/turtlesim/srv/teleport_absolute.h
-- Installing: /root/rootfs/demo_workspace/install/turtlesim/include/turtlesim/srv/teleport_relative.h
-- Installing: /root/rootfs/demo_workspace/install/turtlesim/include/turtlesim/srv/set_pen.h
-- Installing: /root/rootfs/demo_workspace/install/turtlesim/include/turtlesim/srv/spawn.h
-- Installing: /root/rootfs/demo_workspace/install/turtlesim/include/turtlesim/srv/detail
-- Installing: /root/rootfs/demo_workspace/install/turtlesim/include/turtlesim/srv/detail/kill__struct.h
-- Installing: /root/rootfs/demo_workspace/install/turtlesim/include/turtlesim/srv/detail/spawn__functions.c
-- Installing: /root/rootfs/demo_workspace/install/turtlesim/include/turtlesim/srv/detail/set_pen__type_support.h
-- Installing: /root/rootfs/demo_workspace/install/turtlesim/include/turtlesim/srv/detail/kill__functions.c
-- Installing: /root/rootfs/demo_workspace/install/turtlesim/include/turtlesim/srv/detail/teleport_relative__functions.c
-- Installing: /root/rootfs/demo_workspace/install/turtlesim/include/turtlesim/srv/detail/teleport_absolute__functions.c
-- Installing: /root/rootfs/demo_workspace/install/turtlesim/include/turtlesim/srv/detail/teleport_absolute__struct.h
-- Installing: /root/rootfs/demo_workspace/install/turtlesim/include/turtlesim/srv/detail/teleport_relative__type_support.h
-- Installing: /root/rootfs/demo_workspace/install/turtlesim/include/turtlesim/srv/detail/teleport_relative__functions.h
-- Installing: /root/rootfs/demo_workspace/install/turtlesim/include/turtlesim/srv/detail/teleport_relative__struct.h
-- Installing: /root/rootfs/demo_workspace/install/turtlesim/include/turtlesim/srv/detail/set_pen__functions.c
-- Installing: /root/rootfs/demo_workspace/install/turtlesim/include/turtlesim/srv/detail/set_pen__functions.h
-- Installing: /root/rootfs/demo_workspace/install/turtlesim/include/turtlesim/srv/detail/teleport_absolute__type_support.h
-- Installing: /root/rootfs/demo_workspace/install/turtlesim/include/turtlesim/srv/detail/teleport_absolute__functions.h
-- Installing: /root/rootfs/demo_workspace/install/turtlesim/include/turtlesim/srv/detail/spawn__struct.h
-- Installing: /root/rootfs/demo_workspace/install/turtlesim/include/turtlesim/srv/detail/kill__type_support.h
-- Installing: /root/rootfs/demo_workspace/install/turtlesim/include/turtlesim/srv/detail/spawn__type_support.h
-- Installing: /root/rootfs/demo_workspace/install/turtlesim/include/turtlesim/srv/detail/set_pen__struct.h
-- Installing: /root/rootfs/demo_workspace/install/turtlesim/include/turtlesim/srv/detail/kill__functions.h
-- Installing: /root/rootfs/demo_workspace/install/turtlesim/include/turtlesim/srv/detail/spawn__functions.h
-- Installing: /root/rootfs/demo_workspace/install/turtlesim/include/turtlesim/srv/kill.h
-- Installing: /root/rootfs/demo_workspace/install/turtlesim/include/turtlesim/msg
-- Installing: /root/rootfs/demo_workspace/install/turtlesim/include/turtlesim/msg/rosidl_generator_c__visibility_control.h
-- Installing: /root/rootfs/demo_workspace/install/turtlesim/include/turtlesim/msg/pose.h
-- Installing: /root/rootfs/demo_workspace/install/turtlesim/include/turtlesim/msg/color.h
-- Installing: /root/rootfs/demo_workspace/install/turtlesim/include/turtlesim/msg/detail
-- Installing: /root/rootfs/demo_workspace/install/turtlesim/include/turtlesim/msg/detail/color__functions.h
-- Installing: /root/rootfs/demo_workspace/install/turtlesim/include/turtlesim/msg/detail/color__struct.h
-- Installing: /root/rootfs/demo_workspace/install/turtlesim/include/turtlesim/msg/detail/pose__type_support.h
-- Installing: /root/rootfs/demo_workspace/install/turtlesim/include/turtlesim/msg/detail/pose__functions.c
-- Installing: /root/rootfs/demo_workspace/install/turtlesim/include/turtlesim/msg/detail/pose__struct.h
-- Installing: /root/rootfs/demo_workspace/install/turtlesim/include/turtlesim/msg/detail/color__functions.c
-- Installing: /root/rootfs/demo_workspace/install/turtlesim/include/turtlesim/msg/detail/pose__functions.h
-- Installing: /root/rootfs/demo_workspace/install/turtlesim/include/turtlesim/msg/detail/color__type_support.h
-- Installing: /root/rootfs/demo_workspace/install/turtlesim/include/turtlesim/action
-- Installing: /root/rootfs/demo_workspace/install/turtlesim/include/turtlesim/action/detail
-- Installing: /root/rootfs/demo_workspace/install/turtlesim/include/turtlesim/action/detail/rotate_absolute__functions.h
-- Installing: /root/rootfs/demo_workspace/install/turtlesim/include/turtlesim/action/detail/rotate_absolute__type_support.h
-- Installing: /root/rootfs/demo_workspace/install/turtlesim/include/turtlesim/action/detail/rotate_absolute__struct.h
-- Installing: /root/rootfs/demo_workspace/install/turtlesim/include/turtlesim/action/detail/rotate_absolute__functions.c
-- Installing: /root/rootfs/demo_workspace/install/turtlesim/include/turtlesim/action/rotate_absolute.h
-- Installing: /root/rootfs/demo_workspace/install/turtlesim/share/turtlesim/environment/library_path.sh
-- Installing: /root/rootfs/demo_workspace/install/turtlesim/share/turtlesim/environment/library_path.dsv
-- Installing: /root/rootfs/demo_workspace/install/turtlesim/lib/libturtlesim__rosidl_generator_c.so
-- Set runtime path of "/root/rootfs/demo_workspace/install/turtlesim/lib/libturtlesim__rosidl_generator_c.so" to ""
-- Up-to-date: /root/rootfs/demo_workspace/install/turtlesim/include/turtlesim
-- Up-to-date: /root/rootfs/demo_workspace/install/turtlesim/include/turtlesim/srv
-- Up-to-date: /root/rootfs/demo_workspace/install/turtlesim/include/turtlesim/srv/detail
-- Installing: /root/rootfs/demo_workspace/install/turtlesim/include/turtlesim/srv/detail/spawn__rosidl_typesupport_fastrtps_c.h
-- Installing: /root/rootfs/demo_workspace/install/turtlesim/include/turtlesim/srv/detail/kill__rosidl_typesupport_fastrtps_c.h
-- Installing: /root/rootfs/demo_workspace/install/turtlesim/include/turtlesim/srv/detail/set_pen__rosidl_typesupport_fastrtps_c.h
-- Installing: /root/rootfs/demo_workspace/install/turtlesim/include/turtlesim/srv/detail/teleport_relative__rosidl_typesupport_fastrtps_c.h
-- Installing: /root/rootfs/demo_workspace/install/turtlesim/include/turtlesim/srv/detail/teleport_absolute__rosidl_typesupport_fastrtps_c.h
-- Up-to-date: /root/rootfs/demo_workspace/install/turtlesim/include/turtlesim/msg
-- Installing: /root/rootfs/demo_workspace/install/turtlesim/include/turtlesim/msg/rosidl_typesupport_fastrtps_c__visibility_control.h
-- Up-to-date: /root/rootfs/demo_workspace/install/turtlesim/include/turtlesim/msg/detail
-- Installing: /root/rootfs/demo_workspace/install/turtlesim/include/turtlesim/msg/detail/pose__rosidl_typesupport_fastrtps_c.h
-- Installing: /root/rootfs/demo_workspace/install/turtlesim/include/turtlesim/msg/detail/color__rosidl_typesupport_fastrtps_c.h
-- Up-to-date: /root/rootfs/demo_workspace/install/turtlesim/include/turtlesim/action
-- Up-to-date: /root/rootfs/demo_workspace/install/turtlesim/include/turtlesim/action/detail
-- Installing: /root/rootfs/demo_workspace/install/turtlesim/include/turtlesim/action/detail/rotate_absolute__rosidl_typesupport_fastrtps_c.h
-- Installing: /root/rootfs/demo_workspace/install/turtlesim/lib/libturtlesim__rosidl_typesupport_fastrtps_c.so
-- Set runtime path of "/root/rootfs/demo_workspace/install/turtlesim/lib/libturtlesim__rosidl_typesupport_fastrtps_c.so" to ""
-- Up-to-date: /root/rootfs/demo_workspace/install/turtlesim/include/turtlesim
-- Up-to-date: /root/rootfs/demo_workspace/install/turtlesim/include/turtlesim/srv
-- Up-to-date: /root/rootfs/demo_workspace/install/turtlesim/include/turtlesim/srv/detail
-- Installing: /root/rootfs/demo_workspace/install/turtlesim/include/turtlesim/srv/detail/set_pen__rosidl_typesupport_fastrtps_cpp.hpp
-- Installing: /root/rootfs/demo_workspace/install/turtlesim/include/turtlesim/srv/detail/kill__rosidl_typesupport_fastrtps_cpp.hpp
-- Installing: /root/rootfs/demo_workspace/install/turtlesim/include/turtlesim/srv/detail/teleport_relative__rosidl_typesupport_fastrtps_cpp.hpp
-- Installing: /root/rootfs/demo_workspace/install/turtlesim/include/turtlesim/srv/detail/spawn__rosidl_typesupport_fastrtps_cpp.hpp
-- Installing: /root/rootfs/demo_workspace/install/turtlesim/include/turtlesim/srv/detail/dds_fastrtps
-- Installing: /root/rootfs/demo_workspace/install/turtlesim/include/turtlesim/srv/detail/teleport_absolute__rosidl_typesupport_fastrtps_cpp.hpp
-- Up-to-date: /root/rootfs/demo_workspace/install/turtlesim/include/turtlesim/msg
-- Installing: /root/rootfs/demo_workspace/install/turtlesim/include/turtlesim/msg/rosidl_typesupport_fastrtps_cpp__visibility_control.h
-- Up-to-date: /root/rootfs/demo_workspace/install/turtlesim/include/turtlesim/msg/detail
-- Installing: /root/rootfs/demo_workspace/install/turtlesim/include/turtlesim/msg/detail/color__rosidl_typesupport_fastrtps_cpp.hpp
-- Installing: /root/rootfs/demo_workspace/install/turtlesim/include/turtlesim/msg/detail/pose__rosidl_typesupport_fastrtps_cpp.hpp
-- Installing: /root/rootfs/demo_workspace/install/turtlesim/include/turtlesim/msg/detail/dds_fastrtps
-- Up-to-date: /root/rootfs/demo_workspace/install/turtlesim/include/turtlesim/action
-- Up-to-date: /root/rootfs/demo_workspace/install/turtlesim/include/turtlesim/action/detail
-- Installing: /root/rootfs/demo_workspace/install/turtlesim/include/turtlesim/action/detail/rotate_absolute__rosidl_typesupport_fastrtps_cpp.hpp
-- Installing: /root/rootfs/demo_workspace/install/turtlesim/include/turtlesim/action/detail/dds_fastrtps
-- Installing: /root/rootfs/demo_workspace/install/turtlesim/lib/libturtlesim__rosidl_typesupport_fastrtps_cpp.so
-- Set runtime path of "/root/rootfs/demo_workspace/install/turtlesim/lib/libturtlesim__rosidl_typesupport_fastrtps_cpp.so" to ""
-- Up-to-date: /root/rootfs/demo_workspace/install/turtlesim/include/turtlesim
-- Up-to-date: /root/rootfs/demo_workspace/install/turtlesim/include/turtlesim/srv
-- Up-to-date: /root/rootfs/demo_workspace/install/turtlesim/include/turtlesim/srv/detail
-- Installing: /root/rootfs/demo_workspace/install/turtlesim/include/turtlesim/srv/detail/kill__rosidl_typesupport_introspection_c.h
-- Installing: /root/rootfs/demo_workspace/install/turtlesim/include/turtlesim/srv/detail/teleport_absolute__rosidl_typesupport_introspection_c.h
-- Installing: /root/rootfs/demo_workspace/install/turtlesim/include/turtlesim/srv/detail/teleport_absolute__type_support.c
-- Installing: /root/rootfs/demo_workspace/install/turtlesim/include/turtlesim/srv/detail/teleport_relative__type_support.c
-- Installing: /root/rootfs/demo_workspace/install/turtlesim/include/turtlesim/srv/detail/spawn__rosidl_typesupport_introspection_c.h
-- Installing: /root/rootfs/demo_workspace/install/turtlesim/include/turtlesim/srv/detail/set_pen__type_support.c
-- Installing: /root/rootfs/demo_workspace/install/turtlesim/include/turtlesim/srv/detail/spawn__type_support.c
-- Installing: /root/rootfs/demo_workspace/install/turtlesim/include/turtlesim/srv/detail/set_pen__rosidl_typesupport_introspection_c.h
-- Installing: /root/rootfs/demo_workspace/install/turtlesim/include/turtlesim/srv/detail/kill__type_support.c
-- Installing: /root/rootfs/demo_workspace/install/turtlesim/include/turtlesim/srv/detail/teleport_relative__rosidl_typesupport_introspection_c.h
-- Up-to-date: /root/rootfs/demo_workspace/install/turtlesim/include/turtlesim/msg
-- Up-to-date: /root/rootfs/demo_workspace/install/turtlesim/include/turtlesim/msg/detail
-- Installing: /root/rootfs/demo_workspace/install/turtlesim/include/turtlesim/msg/detail/color__type_support.c
-- Installing: /root/rootfs/demo_workspace/install/turtlesim/include/turtlesim/msg/detail/color__rosidl_typesupport_introspection_c.h
-- Installing: /root/rootfs/demo_workspace/install/turtlesim/include/turtlesim/msg/detail/pose__rosidl_typesupport_introspection_c.h
-- Installing: /root/rootfs/demo_workspace/install/turtlesim/include/turtlesim/msg/detail/pose__type_support.c
-- Installing: /root/rootfs/demo_workspace/install/turtlesim/include/turtlesim/msg/rosidl_typesupport_introspection_c__visibility_control.h
-- Up-to-date: /root/rootfs/demo_workspace/install/turtlesim/include/turtlesim/action
-- Up-to-date: /root/rootfs/demo_workspace/install/turtlesim/include/turtlesim/action/detail
-- Installing: /root/rootfs/demo_workspace/install/turtlesim/include/turtlesim/action/detail/rotate_absolute__type_support.c
-- Installing: /root/rootfs/demo_workspace/install/turtlesim/include/turtlesim/action/detail/rotate_absolute__rosidl_typesupport_introspection_c.h
-- Installing: /root/rootfs/demo_workspace/install/turtlesim/lib/libturtlesim__rosidl_typesupport_introspection_c.so
-- Set runtime path of "/root/rootfs/demo_workspace/install/turtlesim/lib/libturtlesim__rosidl_typesupport_introspection_c.so" to ""
-- Installing: /root/rootfs/demo_workspace/install/turtlesim/lib/libturtlesim__rosidl_typesupport_c.so
-- Set runtime path of "/root/rootfs/demo_workspace/install/turtlesim/lib/libturtlesim__rosidl_typesupport_c.so" to ""
-- Up-to-date: /root/rootfs/demo_workspace/install/turtlesim/include/turtlesim
-- Up-to-date: /root/rootfs/demo_workspace/install/turtlesim/include/turtlesim/srv
-- Installing: /root/rootfs/demo_workspace/install/turtlesim/include/turtlesim/srv/teleport_absolute.hpp
-- Installing: /root/rootfs/demo_workspace/install/turtlesim/include/turtlesim/srv/spawn.hpp
-- Installing: /root/rootfs/demo_workspace/install/turtlesim/include/turtlesim/srv/kill.hpp
-- Installing: /root/rootfs/demo_workspace/install/turtlesim/include/turtlesim/srv/teleport_relative.hpp
-- Up-to-date: /root/rootfs/demo_workspace/install/turtlesim/include/turtlesim/srv/detail
-- Installing: /root/rootfs/demo_workspace/install/turtlesim/include/turtlesim/srv/detail/teleport_relative__struct.hpp
-- Installing: /root/rootfs/demo_workspace/install/turtlesim/include/turtlesim/srv/detail/kill__builder.hpp
-- Installing: /root/rootfs/demo_workspace/install/turtlesim/include/turtlesim/srv/detail/teleport_absolute__traits.hpp
-- Installing: /root/rootfs/demo_workspace/install/turtlesim/include/turtlesim/srv/detail/spawn__builder.hpp
-- Installing: /root/rootfs/demo_workspace/install/turtlesim/include/turtlesim/srv/detail/teleport_absolute__struct.hpp
-- Installing: /root/rootfs/demo_workspace/install/turtlesim/include/turtlesim/srv/detail/teleport_relative__builder.hpp
-- Installing: /root/rootfs/demo_workspace/install/turtlesim/include/turtlesim/srv/detail/spawn__struct.hpp
-- Installing: /root/rootfs/demo_workspace/install/turtlesim/include/turtlesim/srv/detail/teleport_relative__traits.hpp
-- Installing: /root/rootfs/demo_workspace/install/turtlesim/include/turtlesim/srv/detail/set_pen__struct.hpp
-- Installing: /root/rootfs/demo_workspace/install/turtlesim/include/turtlesim/srv/detail/kill__traits.hpp
-- Installing: /root/rootfs/demo_workspace/install/turtlesim/include/turtlesim/srv/detail/kill__struct.hpp
-- Installing: /root/rootfs/demo_workspace/install/turtlesim/include/turtlesim/srv/detail/teleport_absolute__builder.hpp
-- Installing: /root/rootfs/demo_workspace/install/turtlesim/include/turtlesim/srv/detail/spawn__traits.hpp
-- Installing: /root/rootfs/demo_workspace/install/turtlesim/include/turtlesim/srv/detail/set_pen__builder.hpp
-- Installing: /root/rootfs/demo_workspace/install/turtlesim/include/turtlesim/srv/detail/set_pen__traits.hpp
-- Installing: /root/rootfs/demo_workspace/install/turtlesim/include/turtlesim/srv/set_pen.hpp
-- Up-to-date: /root/rootfs/demo_workspace/install/turtlesim/include/turtlesim/msg
-- Installing: /root/rootfs/demo_workspace/install/turtlesim/include/turtlesim/msg/pose.hpp
-- Installing: /root/rootfs/demo_workspace/install/turtlesim/include/turtlesim/msg/color.hpp
-- Up-to-date: /root/rootfs/demo_workspace/install/turtlesim/include/turtlesim/msg/detail
-- Installing: /root/rootfs/demo_workspace/install/turtlesim/include/turtlesim/msg/detail/pose__struct.hpp
-- Installing: /root/rootfs/demo_workspace/install/turtlesim/include/turtlesim/msg/detail/pose__traits.hpp
-- Installing: /root/rootfs/demo_workspace/install/turtlesim/include/turtlesim/msg/detail/color__struct.hpp
-- Installing: /root/rootfs/demo_workspace/install/turtlesim/include/turtlesim/msg/detail/color__builder.hpp
-- Installing: /root/rootfs/demo_workspace/install/turtlesim/include/turtlesim/msg/detail/pose__builder.hpp
-- Installing: /root/rootfs/demo_workspace/install/turtlesim/include/turtlesim/msg/detail/color__traits.hpp
-- Up-to-date: /root/rootfs/demo_workspace/install/turtlesim/include/turtlesim/action
-- Installing: /root/rootfs/demo_workspace/install/turtlesim/include/turtlesim/action/rotate_absolute.hpp
-- Up-to-date: /root/rootfs/demo_workspace/install/turtlesim/include/turtlesim/action/detail
-- Installing: /root/rootfs/demo_workspace/install/turtlesim/include/turtlesim/action/detail/rotate_absolute__builder.hpp
-- Installing: /root/rootfs/demo_workspace/install/turtlesim/include/turtlesim/action/detail/rotate_absolute__traits.hpp
-- Installing: /root/rootfs/demo_workspace/install/turtlesim/include/turtlesim/action/detail/rotate_absolute__struct.hpp
-- Up-to-date: /root/rootfs/demo_workspace/install/turtlesim/include/turtlesim
-- Up-to-date: /root/rootfs/demo_workspace/install/turtlesim/include/turtlesim/srv
-- Up-to-date: /root/rootfs/demo_workspace/install/turtlesim/include/turtlesim/srv/detail
-- Installing: /root/rootfs/demo_workspace/install/turtlesim/include/turtlesim/srv/detail/spawn__type_support.cpp
-- Installing: /root/rootfs/demo_workspace/install/turtlesim/include/turtlesim/srv/detail/teleport_relative__rosidl_typesupport_introspection_cpp.hpp
-- Installing: /root/rootfs/demo_workspace/install/turtlesim/include/turtlesim/srv/detail/teleport_absolute__type_support.cpp
-- Installing: /root/rootfs/demo_workspace/install/turtlesim/include/turtlesim/srv/detail/teleport_relative__type_support.cpp
-- Installing: /root/rootfs/demo_workspace/install/turtlesim/include/turtlesim/srv/detail/set_pen__type_support.cpp
-- Installing: /root/rootfs/demo_workspace/install/turtlesim/include/turtlesim/srv/detail/set_pen__rosidl_typesupport_introspection_cpp.hpp
-- Installing: /root/rootfs/demo_workspace/install/turtlesim/include/turtlesim/srv/detail/kill__rosidl_typesupport_introspection_cpp.hpp
-- Installing: /root/rootfs/demo_workspace/install/turtlesim/include/turtlesim/srv/detail/kill__type_support.cpp
-- Installing: /root/rootfs/demo_workspace/install/turtlesim/include/turtlesim/srv/detail/spawn__rosidl_typesupport_introspection_cpp.hpp
-- Installing: /root/rootfs/demo_workspace/install/turtlesim/include/turtlesim/srv/detail/teleport_absolute__rosidl_typesupport_introspection_cpp.hpp
-- Up-to-date: /root/rootfs/demo_workspace/install/turtlesim/include/turtlesim/msg
-- Up-to-date: /root/rootfs/demo_workspace/install/turtlesim/include/turtlesim/msg/detail
-- Installing: /root/rootfs/demo_workspace/install/turtlesim/include/turtlesim/msg/detail/pose__rosidl_typesupport_introspection_cpp.hpp
-- Installing: /root/rootfs/demo_workspace/install/turtlesim/include/turtlesim/msg/detail/pose__type_support.cpp
-- Installing: /root/rootfs/demo_workspace/install/turtlesim/include/turtlesim/msg/detail/color__rosidl_typesupport_introspection_cpp.hpp
-- Installing: /root/rootfs/demo_workspace/install/turtlesim/include/turtlesim/msg/detail/color__type_support.cpp
-- Up-to-date: /root/rootfs/demo_workspace/install/turtlesim/include/turtlesim/action
-- Up-to-date: /root/rootfs/demo_workspace/install/turtlesim/include/turtlesim/action/detail
-- Installing: /root/rootfs/demo_workspace/install/turtlesim/include/turtlesim/action/detail/rotate_absolute__rosidl_typesupport_introspection_cpp.hpp
-- Installing: /root/rootfs/demo_workspace/install/turtlesim/include/turtlesim/action/detail/rotate_absolute__type_support.cpp
-- Installing: /root/rootfs/demo_workspace/install/turtlesim/lib/libturtlesim__rosidl_typesupport_introspection_cpp.so
-- Set runtime path of "/root/rootfs/demo_workspace/install/turtlesim/lib/libturtlesim__rosidl_typesupport_introspection_cpp.so" to ""
-- Installing: /root/rootfs/demo_workspace/install/turtlesim/lib/libturtlesim__rosidl_typesupport_cpp.so
-- Set runtime path of "/root/rootfs/demo_workspace/install/turtlesim/lib/libturtlesim__rosidl_typesupport_cpp.so" to ""
-- Installing: /root/rootfs/demo_workspace/install/turtlesim/share/turtlesim/environment/pythonpath.sh
-- Installing: /root/rootfs/demo_workspace/install/turtlesim/share/turtlesim/environment/pythonpath.dsv
-- Installing: /root/rootfs/demo_workspace/install/turtlesim/lib/python3.8/site-packages/turtlesim/__init__.py
Compiling '/root/rootfs/demo_workspace/install/turtlesim/lib/python3.8/site-packages/turtlesim/__init__.py'...
-- Installing: /root/rootfs/demo_workspace/install/turtlesim/lib/python3.8/site-packages/turtlesim/action
-- Installing: /root/rootfs/demo_workspace/install/turtlesim/lib/python3.8/site-packages/turtlesim/action/_rotate_absolute_s.c
-- Installing: /root/rootfs/demo_workspace/install/turtlesim/lib/python3.8/site-packages/turtlesim/action/__init__.py
-- Installing: /root/rootfs/demo_workspace/install/turtlesim/lib/python3.8/site-packages/turtlesim/action/_rotate_absolute.py
-- Installing: /root/rootfs/demo_workspace/install/turtlesim/lib/python3.8/site-packages/turtlesim/msg
-- Installing: /root/rootfs/demo_workspace/install/turtlesim/lib/python3.8/site-packages/turtlesim/msg/_pose.py
-- Installing: /root/rootfs/demo_workspace/install/turtlesim/lib/python3.8/site-packages/turtlesim/msg/__init__.py
-- Installing: /root/rootfs/demo_workspace/install/turtlesim/lib/python3.8/site-packages/turtlesim/msg/_color_s.c
-- Installing: /root/rootfs/demo_workspace/install/turtlesim/lib/python3.8/site-packages/turtlesim/msg/_color.py
-- Installing: /root/rootfs/demo_workspace/install/turtlesim/lib/python3.8/site-packages/turtlesim/msg/_pose_s.c
-- Installing: /root/rootfs/demo_workspace/install/turtlesim/lib/python3.8/site-packages/turtlesim/srv
-- Installing: /root/rootfs/demo_workspace/install/turtlesim/lib/python3.8/site-packages/turtlesim/srv/_spawn_s.c
-- Installing: /root/rootfs/demo_workspace/install/turtlesim/lib/python3.8/site-packages/turtlesim/srv/_kill_s.c
-- Installing: /root/rootfs/demo_workspace/install/turtlesim/lib/python3.8/site-packages/turtlesim/srv/_teleport_absolute.py
-- Installing: /root/rootfs/demo_workspace/install/turtlesim/lib/python3.8/site-packages/turtlesim/srv/_teleport_relative.py
-- Installing: /root/rootfs/demo_workspace/install/turtlesim/lib/python3.8/site-packages/turtlesim/srv/_spawn.py
-- Installing: /root/rootfs/demo_workspace/install/turtlesim/lib/python3.8/site-packages/turtlesim/srv/_teleport_absolute_s.c
-- Installing: /root/rootfs/demo_workspace/install/turtlesim/lib/python3.8/site-packages/turtlesim/srv/__init__.py
-- Installing: /root/rootfs/demo_workspace/install/turtlesim/lib/python3.8/site-packages/turtlesim/srv/_set_pen_s.c
-- Installing: /root/rootfs/demo_workspace/install/turtlesim/lib/python3.8/site-packages/turtlesim/srv/_set_pen.py
-- Installing: /root/rootfs/demo_workspace/install/turtlesim/lib/python3.8/site-packages/turtlesim/srv/_kill.py
-- Installing: /root/rootfs/demo_workspace/install/turtlesim/lib/python3.8/site-packages/turtlesim/srv/_teleport_relative_s.c
-- Installing: /root/rootfs/demo_workspace/install/turtlesim/lib/python3.8/site-packages/turtlesim/turtlesim_s__rosidl_typesupport_fastrtps_c.cpython-38-x86_64-linux-gnu.so
-- Set runtime path of "/root/rootfs/demo_workspace/install/turtlesim/lib/python3.8/site-packages/turtlesim/turtlesim_s__rosidl_typesupport_fastrtps_c.cpython-38-x86_64-linux-gnu.so" to ""
-- Installing: /root/rootfs/demo_workspace/install/turtlesim/lib/python3.8/site-packages/turtlesim/turtlesim_s__rosidl_typesupport_introspection_c.cpython-38-x86_64-linux-gnu.so
-- Set runtime path of "/root/rootfs/demo_workspace/install/turtlesim/lib/python3.8/site-packages/turtlesim/turtlesim_s__rosidl_typesupport_introspection_c.cpython-38-x86_64-linux-gnu.so" to ""
-- Installing: /root/rootfs/demo_workspace/install/turtlesim/lib/python3.8/site-packages/turtlesim/turtlesim_s__rosidl_typesupport_c.cpython-38-x86_64-linux-gnu.so
-- Set runtime path of "/root/rootfs/demo_workspace/install/turtlesim/lib/python3.8/site-packages/turtlesim/turtlesim_s__rosidl_typesupport_c.cpython-38-x86_64-linux-gnu.so" to ""
-- Installing: /root/rootfs/demo_workspace/install/turtlesim/lib/libturtlesim__python.so
-- Set runtime path of "/root/rootfs/demo_workspace/install/turtlesim/lib/libturtlesim__python.so" to ""
-- Installing: /root/rootfs/demo_workspace/install/turtlesim/share/turtlesim/action/RotateAbsolute.idl
-- Installing: /root/rootfs/demo_workspace/install/turtlesim/share/turtlesim/msg/Color.idl
-- Installing: /root/rootfs/demo_workspace/install/turtlesim/share/turtlesim/msg/Pose.idl
-- Installing: /root/rootfs/demo_workspace/install/turtlesim/share/turtlesim/srv/Kill.idl
-- Installing: /root/rootfs/demo_workspace/install/turtlesim/share/turtlesim/srv/SetPen.idl
-- Installing: /root/rootfs/demo_workspace/install/turtlesim/share/turtlesim/srv/Spawn.idl
-- Installing: /root/rootfs/demo_workspace/install/turtlesim/share/turtlesim/srv/TeleportAbsolute.idl
-- Installing: /root/rootfs/demo_workspace/install/turtlesim/share/turtlesim/srv/TeleportRelative.idl
-- Installing: /root/rootfs/demo_workspace/install/turtlesim/share/turtlesim/action/RotateAbsolute.action
-- Installing: /root/rootfs/demo_workspace/install/turtlesim/share/turtlesim/msg/Color.msg
-- Installing: /root/rootfs/demo_workspace/install/turtlesim/share/turtlesim/msg/Pose.msg
-- Installing: /root/rootfs/demo_workspace/install/turtlesim/share/turtlesim/srv/Kill.srv
-- Installing: /root/rootfs/demo_workspace/install/turtlesim/share/turtlesim/srv/Kill_Request.msg
-- Installing: /root/rootfs/demo_workspace/install/turtlesim/share/turtlesim/srv/Kill_Response.msg
-- Installing: /root/rootfs/demo_workspace/install/turtlesim/share/turtlesim/srv/SetPen.srv
-- Installing: /root/rootfs/demo_workspace/install/turtlesim/share/turtlesim/srv/SetPen_Request.msg
-- Installing: /root/rootfs/demo_workspace/install/turtlesim/share/turtlesim/srv/SetPen_Response.msg
-- Installing: /root/rootfs/demo_workspace/install/turtlesim/share/turtlesim/srv/Spawn.srv
-- Installing: /root/rootfs/demo_workspace/install/turtlesim/share/turtlesim/srv/Spawn_Request.msg
-- Installing: /root/rootfs/demo_workspace/install/turtlesim/share/turtlesim/srv/Spawn_Response.msg
-- Installing: /root/rootfs/demo_workspace/install/turtlesim/share/turtlesim/srv/TeleportAbsolute.srv
-- Installing: /root/rootfs/demo_workspace/install/turtlesim/share/turtlesim/srv/TeleportAbsolute_Request.msg
-- Installing: /root/rootfs/demo_workspace/install/turtlesim/share/turtlesim/srv/TeleportAbsolute_Response.msg
-- Installing: /root/rootfs/demo_workspace/install/turtlesim/share/turtlesim/srv/TeleportRelative.srv
-- Installing: /root/rootfs/demo_workspace/install/turtlesim/share/turtlesim/srv/TeleportRelative_Request.msg
-- Installing: /root/rootfs/demo_workspace/install/turtlesim/share/turtlesim/srv/TeleportRelative_Response.msg
-- Installing: /root/rootfs/demo_workspace/install/turtlesim/lib/turtlesim/turtlesim_node
-- Set runtime path of "/root/rootfs/demo_workspace/install/turtlesim/lib/turtlesim/turtlesim_node" to ""
-- Installing: /root/rootfs/demo_workspace/install/turtlesim/lib/turtlesim/turtle_teleop_key
-- Set runtime path of "/root/rootfs/demo_workspace/install/turtlesim/lib/turtlesim/turtle_teleop_key" to ""
-- Installing: /root/rootfs/demo_workspace/install/turtlesim/lib/turtlesim/draw_square
-- Set runtime path of "/root/rootfs/demo_workspace/install/turtlesim/lib/turtlesim/draw_square" to ""
-- Installing: /root/rootfs/demo_workspace/install/turtlesim/lib/turtlesim/mimic
-- Set runtime path of "/root/rootfs/demo_workspace/install/turtlesim/lib/turtlesim/mimic" to ""
-- Installing: /root/rootfs/demo_workspace/install/turtlesim/share/turtlesim/images
-- Installing: /root/rootfs/demo_workspace/install/turtlesim/share/turtlesim/images/eloquent.png
-- Installing: /root/rootfs/demo_workspace/install/turtlesim/share/turtlesim/images/crystal.png
-- Installing: /root/rootfs/demo_workspace/install/turtlesim/share/turtlesim/images/ardent.png
-- Installing: /root/rootfs/demo_workspace/install/turtlesim/share/turtlesim/images/dashing.png
-- Installing: /root/rootfs/demo_workspace/install/turtlesim/share/turtlesim/images/foxy.png
-- Installing: /root/rootfs/demo_workspace/install/turtlesim/share/turtlesim/images/bouncy.png
-- Installing: /root/rootfs/demo_workspace/install/turtlesim/share/turtlesim/launch
-- Installing: /root/rootfs/demo_workspace/install/turtlesim/share/turtlesim/launch/multisim.launch.py
-- Installing: /root/rootfs/demo_workspace/install/turtlesim/share/ament_index/resource_index/package_run_dependencies/turtlesim
-- Installing: /root/rootfs/demo_workspace/install/turtlesim/share/ament_index/resource_index/parent_prefix_path/turtlesim
-- Installing: /root/rootfs/demo_workspace/install/turtlesim/share/turtlesim/environment/ament_prefix_path.sh
-- Installing: /root/rootfs/demo_workspace/install/turtlesim/share/turtlesim/environment/ament_prefix_path.dsv
-- Installing: /root/rootfs/demo_workspace/install/turtlesim/share/turtlesim/environment/path.sh
-- Installing: /root/rootfs/demo_workspace/install/turtlesim/share/turtlesim/environment/path.dsv
-- Installing: /root/rootfs/demo_workspace/install/turtlesim/share/turtlesim/local_setup.bash
-- Installing: /root/rootfs/demo_workspace/install/turtlesim/share/turtlesim/local_setup.sh
-- Installing: /root/rootfs/demo_workspace/install/turtlesim/share/turtlesim/local_setup.zsh
-- Installing: /root/rootfs/demo_workspace/install/turtlesim/share/turtlesim/local_setup.dsv
-- Installing: /root/rootfs/demo_workspace/install/turtlesim/share/turtlesim/package.dsv
-- Installing: /root/rootfs/demo_workspace/install/turtlesim/share/ament_index/resource_index/packages/turtlesim
-- Installing: /root/rootfs/demo_workspace/install/turtlesim/share/turtlesim/cmake/turtlesim__rosidl_generator_cExport.cmake
-- Installing: /root/rootfs/demo_workspace/install/turtlesim/share/turtlesim/cmake/turtlesim__rosidl_generator_cExport-noconfig.cmake
-- Installing: /root/rootfs/demo_workspace/install/turtlesim/share/turtlesim/cmake/turtlesim__rosidl_typesupport_introspection_cExport.cmake
-- Installing: /root/rootfs/demo_workspace/install/turtlesim/share/turtlesim/cmake/turtlesim__rosidl_typesupport_introspection_cExport-noconfig.cmake
-- Installing: /root/rootfs/demo_workspace/install/turtlesim/share/turtlesim/cmake/turtlesim__rosidl_typesupport_cExport.cmake
-- Installing: /root/rootfs/demo_workspace/install/turtlesim/share/turtlesim/cmake/turtlesim__rosidl_typesupport_cExport-noconfig.cmake
-- Installing: /root/rootfs/demo_workspace/install/turtlesim/share/turtlesim/cmake/turtlesim__rosidl_generator_cppExport.cmake
-- Installing: /root/rootfs/demo_workspace/install/turtlesim/share/turtlesim/cmake/turtlesim__rosidl_typesupport_introspection_cppExport.cmake
-- Installing: /root/rootfs/demo_workspace/install/turtlesim/share/turtlesim/cmake/turtlesim__rosidl_typesupport_introspection_cppExport-noconfig.cmake
-- Installing: /root/rootfs/demo_workspace/install/turtlesim/share/turtlesim/cmake/turtlesim__rosidl_typesupport_cppExport.cmake
-- Installing: /root/rootfs/demo_workspace/install/turtlesim/share/turtlesim/cmake/turtlesim__rosidl_typesupport_cppExport-noconfig.cmake
-- Installing: /root/rootfs/demo_workspace/install/turtlesim/share/turtlesim/cmake/rosidl_cmake-extras.cmake
-- Installing: /root/rootfs/demo_workspace/install/turtlesim/share/turtlesim/cmake/ament_cmake_export_dependencies-extras.cmake
-- Installing: /root/rootfs/demo_workspace/install/turtlesim/share/turtlesim/cmake/ament_cmake_export_libraries-extras.cmake
-- Installing: /root/rootfs/demo_workspace/install/turtlesim/share/turtlesim/cmake/ament_cmake_export_targets-extras.cmake
-- Installing: /root/rootfs/demo_workspace/install/turtlesim/share/turtlesim/cmake/ament_cmake_export_include_directories-extras.cmake
-- Installing: /root/rootfs/demo_workspace/install/turtlesim/share/turtlesim/cmake/rosidl_cmake_export_typesupport_libraries-extras.cmake
-- Installing: /root/rootfs/demo_workspace/install/turtlesim/share/turtlesim/cmake/rosidl_cmake_export_typesupport_targets-extras.cmake
-- Installing: /root/rootfs/demo_workspace/install/turtlesim/share/turtlesim/cmake/turtlesimConfig.cmake
-- Installing: /root/rootfs/demo_workspace/install/turtlesim/share/turtlesim/cmake/turtlesimConfig-version.cmake
-- Installing: /root/rootfs/demo_workspace/install/turtlesim/share/turtlesim/package.xml
