[0.017s] Invoking command in '/root/rootfs/demo_workspace/build/turtlesim': CMAKE_PREFIX_PATH=/opt/ros/foxy /usr/bin/cmake /root/rootfs/demo_workspace/src/ros_tutorials/turtlesim -DCMAKE_INSTALL_PREFIX=/root/rootfs/demo_workspace/install/turtlesim
[0.182s] -- The C compiler identification is GNU 9.4.0
[0.299s] -- The CXX compiler identification is GNU 9.4.0
[0.305s] -- Check for working C compiler: /usr/bin/cc
[0.390s] -- Check for working C compiler: /usr/bin/cc -- works
[0.391s] -- Detecting C compiler ABI info
[0.476s] -- Detecting C compiler ABI info - done
[0.486s] -- Detecting C compile features
[0.487s] -- Detecting C compile features - done
[0.489s] -- Check for working CXX compiler: /usr/bin/c++
[0.580s] -- Check for working CXX compiler: /usr/bin/c++ -- works
[0.581s] -- Detecting CXX compiler ABI info
[0.680s] -- Detecting CXX compiler ABI info - done
[0.690s] -- Detecting CXX compile features
[0.691s] -- Detecting CXX compile features - done
[0.695s] -- Found ament_cmake: 0.9.9 (/opt/ros/foxy/share/ament_cmake/cmake)
[0.725s] -- Found PythonInterp: /usr/bin/python3 (found suitable version "3.8.10", minimum required is "3") 
[0.726s] -- Using PYTHON_EXECUTABLE: /usr/bin/python3
[0.921s] -- Found ament_index_cpp: 1.1.0 (/opt/ros/foxy/share/ament_index_cpp/cmake)
[0.926s] -- Found geometry_msgs: 2.0.5 (/opt/ros/foxy/share/geometry_msgs/cmake)
[0.959s] -- Using all available rosidl_typesupport_c: rosidl_typesupport_fastrtps_c;rosidl_typesupport_introspection_c
[0.966s] -- Found rosidl_adapter: 1.2.1 (/opt/ros/foxy/share/rosidl_adapter/cmake)
[1.072s] -- Found OpenSSL: /usr/lib/x86_64-linux-gnu/libcrypto.so (found version "1.1.1f")  
[1.106s] -- Found FastRTPS: /opt/ros/foxy/include  
[1.211s] -- Using all available rosidl_typesupport_cpp: rosidl_typesupport_fastrtps_cpp;rosidl_typesupport_introspection_cpp
[1.312s] -- Found rclcpp: 2.4.1 (/opt/ros/foxy/share/rclcpp/cmake)
[1.364s] -- Found rmw_implementation_cmake: 1.0.3 (/opt/ros/foxy/share/rmw_implementation_cmake/cmake)
[1.366s] -- Using RMW implementation 'rmw_fastrtps_cpp' as default
[1.367s] -- Looking for pthread.h
[1.470s] -- Looking for pthread.h - found
[1.470s] -- Performing Test CMAKE_HAVE_LIBC_PTHREAD
[1.563s] -- Performing Test CMAKE_HAVE_LIBC_PTHREAD - Failed
[1.564s] -- Looking for pthread_create in pthreads
[1.639s] -- Looking for pthread_create in pthreads - not found
[1.640s] -- Looking for pthread_create in pthread
[1.731s] -- Looking for pthread_create in pthread - found
[1.735s] -- Found Threads: TRUE  
[1.869s] -- Found rclcpp_action: 2.4.1 (/opt/ros/foxy/share/rclcpp_action/cmake)
[1.943s] -- Found rosidl_default_generators: 1.0.1 (/opt/ros/foxy/share/rosidl_default_generators/cmake)
[1.957s] -- Found std_srvs: 2.0.5 (/opt/ros/foxy/share/std_srvs/cmake)
[1.999s] -- Found PythonInterp: /usr/bin/python3 (found version "3.8.10") 
[2.201s] -- Found ament_cmake_ros: 0.9.2 (/opt/ros/foxy/share/ament_cmake_ros/cmake)
[2.389s] -- Using all available rosidl_typesupport_c: rosidl_typesupport_fastrtps_c;rosidl_typesupport_introspection_c
[2.432s] -- Using all available rosidl_typesupport_cpp: rosidl_typesupport_fastrtps_cpp;rosidl_typesupport_introspection_cpp
[2.457s] -- Found PythonInterp: /usr/bin/python3 (found suitable version "3.8.10", minimum required is "3.5") 
[2.459s] -- Found python_cmake_module: 0.8.1 (/opt/ros/foxy/share/python_cmake_module/cmake)
[2.484s] -- Found PythonLibs: /usr/lib/x86_64-linux-gnu/libpython3.8.so (found suitable version "3.8.10", minimum required is "3.5") 
[2.485s] -- Using PYTHON_EXECUTABLE: /usr/bin/python3
[2.485s] -- Using PYTHON_INCLUDE_DIRS: /usr/include/python3.8
[2.485s] -- Using PYTHON_LIBRARIES: /usr/lib/x86_64-linux-gnu/libpython3.8.so
[2.508s] -- Found PythonExtra: .so  
[2.598s] -- Configuring done
[2.876s] -- Generating done
[2.886s] -- Build files have been written to: /root/rootfs/demo_workspace/build/turtlesim
[2.907s] Invoked command in '/root/rootfs/demo_workspace/build/turtlesim' returned '0': CMAKE_PREFIX_PATH=/opt/ros/foxy /usr/bin/cmake /root/rootfs/demo_workspace/src/ros_tutorials/turtlesim -DCMAKE_INSTALL_PREFIX=/root/rootfs/demo_workspace/install/turtlesim
[2.914s] Invoking command in '/root/rootfs/demo_workspace/build/turtlesim': CMAKE_PREFIX_PATH=/opt/ros/foxy /usr/bin/cmake --build /root/rootfs/demo_workspace/build/turtlesim -- -j4 -l4
[2.977s] [  1%] [34m[1mGenerating C code for ROS interfaces[0m
[2.978s] [35m[1mScanning dependencies of target turtlesim__cpp[0m
[2.994s] [  2%] [34m[1mGenerating C++ code for ROS interfaces[0m
[3.803s] [  2%] Built target turtlesim__cpp
[3.820s] [  3%] [34m[1mGenerating C++ type support dispatch for ROS interfaces[0m
[3.833s] [  4%] [34m[1mGenerating C++ introspection for ROS interfaces[0m
[3.849s] [  5%] [34m[1mGenerating C++ type support for eProsima Fast-RTPS[0m
[4.043s] [35m[1mScanning dependencies of target turtlesim__rosidl_generator_c[0m
[4.090s] [  6%] [32mBuilding C object CMakeFiles/turtlesim__rosidl_generator_c.dir/rosidl_generator_c/turtlesim/action/detail/rotate_absolute__functions.c.o[0m
[4.195s] [  7%] [32mBuilding C object CMakeFiles/turtlesim__rosidl_generator_c.dir/rosidl_generator_c/turtlesim/msg/detail/color__functions.c.o[0m
[4.242s] [  8%] [32mBuilding C object CMakeFiles/turtlesim__rosidl_generator_c.dir/rosidl_generator_c/turtlesim/msg/detail/pose__functions.c.o[0m
[4.291s] [  9%] [32mBuilding C object CMakeFiles/turtlesim__rosidl_generator_c.dir/rosidl_generator_c/turtlesim/srv/detail/kill__functions.c.o[0m
[4.374s] [ 10%] [32mBuilding C object CMakeFiles/turtlesim__rosidl_generator_c.dir/rosidl_generator_c/turtlesim/srv/detail/set_pen__functions.c.o[0m
[4.425s] [ 11%] [32mBuilding C object CMakeFiles/turtlesim__rosidl_generator_c.dir/rosidl_generator_c/turtlesim/srv/detail/spawn__functions.c.o[0m
[4.436s] [35m[1mScanning dependencies of target turtlesim__rosidl_typesupport_cpp[0m
[4.489s] [ 12%] [32mBuilding CXX object CMakeFiles/turtlesim__rosidl_typesupport_cpp.dir/rosidl_typesupport_cpp/turtlesim/action/rotate_absolute__type_support.cpp.o[0m
[4.491s] [ 13%] [32mBuilding C object CMakeFiles/turtlesim__rosidl_generator_c.dir/rosidl_generator_c/turtlesim/srv/detail/teleport_absolute__functions.c.o[0m
[4.556s] [ 14%] [32mBuilding C object CMakeFiles/turtlesim__rosidl_generator_c.dir/rosidl_generator_c/turtlesim/srv/detail/teleport_relative__functions.c.o[0m
[4.624s] [ 15%] [32m[1mLinking C shared library libturtlesim__rosidl_generator_c.so[0m
[4.696s] [ 15%] Built target turtlesim__rosidl_generator_c
[4.717s] [ 16%] [34m[1mGenerating C type support dispatch for ROS interfaces[0m
[4.748s] [35m[1mScanning dependencies of target turtlesim__rosidl_typesupport_introspection_cpp[0m
[4.816s] [ 17%] [32mBuilding CXX object CMakeFiles/turtlesim__rosidl_typesupport_introspection_cpp.dir/rosidl_typesupport_introspection_cpp/turtlesim/action/detail/rotate_absolute__type_support.cpp.o[0m
[4.897s] [35m[1mScanning dependencies of target turtlesim__rosidl_typesupport_fastrtps_cpp[0m
[4.899s] [ 18%] [32mBuilding CXX object CMakeFiles/turtlesim__rosidl_typesupport_cpp.dir/rosidl_typesupport_cpp/turtlesim/msg/color__type_support.cpp.o[0m
[4.985s] [ 19%] [32mBuilding CXX object CMakeFiles/turtlesim__rosidl_typesupport_fastrtps_cpp.dir/rosidl_typesupport_fastrtps_cpp/turtlesim/action/detail/dds_fastrtps/rotate_absolute__type_support.cpp.o[0m
[5.263s] [ 20%] [32mBuilding CXX object CMakeFiles/turtlesim__rosidl_typesupport_introspection_cpp.dir/rosidl_typesupport_introspection_cpp/turtlesim/msg/detail/color__type_support.cpp.o[0m
[5.269s] [35m[1mScanning dependencies of target turtlesim__rosidl_typesupport_c[0m
[5.315s] [ 21%] [32mBuilding CXX object CMakeFiles/turtlesim__rosidl_typesupport_cpp.dir/rosidl_typesupport_cpp/turtlesim/msg/pose__type_support.cpp.o[0m
[5.322s] [ 22%] [32mBuilding CXX object CMakeFiles/turtlesim__rosidl_typesupport_c.dir/rosidl_typesupport_c/turtlesim/action/rotate_absolute__type_support.cpp.o[0m
[5.394s] [ 23%] [32mBuilding CXX object CMakeFiles/turtlesim__rosidl_typesupport_c.dir/rosidl_typesupport_c/turtlesim/msg/color__type_support.cpp.o[0m
[5.435s] [ 24%] [32mBuilding CXX object CMakeFiles/turtlesim__rosidl_typesupport_c.dir/rosidl_typesupport_c/turtlesim/msg/pose__type_support.cpp.o[0m
[5.474s] [ 25%] [32mBuilding CXX object CMakeFiles/turtlesim__rosidl_typesupport_c.dir/rosidl_typesupport_c/turtlesim/srv/kill__type_support.cpp.o[0m
[5.532s] [ 26%] [32mBuilding CXX object CMakeFiles/turtlesim__rosidl_typesupport_c.dir/rosidl_typesupport_c/turtlesim/srv/set_pen__type_support.cpp.o[0m
[5.587s] [ 27%] [32mBuilding CXX object CMakeFiles/turtlesim__rosidl_typesupport_c.dir/rosidl_typesupport_c/turtlesim/srv/spawn__type_support.cpp.o[0m
[5.595s] [ 28%] [32mBuilding CXX object CMakeFiles/turtlesim__rosidl_typesupport_fastrtps_cpp.dir/rosidl_typesupport_fastrtps_cpp/turtlesim/msg/detail/dds_fastrtps/color__type_support.cpp.o[0m
[5.634s] [ 29%] [32mBuilding CXX object CMakeFiles/turtlesim__rosidl_typesupport_c.dir/rosidl_typesupport_c/turtlesim/srv/teleport_absolute__type_support.cpp.o[0m
[5.639s] [ 30%] [32mBuilding CXX object CMakeFiles/turtlesim__rosidl_typesupport_introspection_cpp.dir/rosidl_typesupport_introspection_cpp/turtlesim/msg/detail/pose__type_support.cpp.o[0m
[5.684s] [ 31%] [32mBuilding CXX object CMakeFiles/turtlesim__rosidl_typesupport_c.dir/rosidl_typesupport_c/turtlesim/srv/teleport_relative__type_support.cpp.o[0m
[5.725s] [ 32%] [32mBuilding CXX object CMakeFiles/turtlesim__rosidl_typesupport_cpp.dir/rosidl_typesupport_cpp/turtlesim/srv/kill__type_support.cpp.o[0m
[5.743s] [ 33%] [32m[1mLinking CXX shared library libturtlesim__rosidl_typesupport_c.so[0m
[5.821s] [ 33%] Built target turtlesim__rosidl_typesupport_c
[5.837s] [ 34%] [32mBuilding CXX object CMakeFiles/turtlesim__rosidl_typesupport_cpp.dir/rosidl_typesupport_cpp/turtlesim/srv/set_pen__type_support.cpp.o[0m
[5.965s] [ 35%] [32mBuilding CXX object CMakeFiles/turtlesim__rosidl_typesupport_introspection_cpp.dir/rosidl_typesupport_introspection_cpp/turtlesim/srv/detail/kill__type_support.cpp.o[0m
[6.074s] [ 36%] [32mBuilding CXX object CMakeFiles/turtlesim__rosidl_typesupport_introspection_cpp.dir/rosidl_typesupport_introspection_cpp/turtlesim/srv/detail/set_pen__type_support.cpp.o[0m
[6.128s] [ 37%] [32mBuilding CXX object CMakeFiles/turtlesim__rosidl_typesupport_fastrtps_cpp.dir/rosidl_typesupport_fastrtps_cpp/turtlesim/msg/detail/dds_fastrtps/pose__type_support.cpp.o[0m
[6.247s] [ 38%] [32mBuilding CXX object CMakeFiles/turtlesim__rosidl_typesupport_cpp.dir/rosidl_typesupport_cpp/turtlesim/srv/spawn__type_support.cpp.o[0m
[6.335s] [ 39%] [32mBuilding CXX object CMakeFiles/turtlesim__rosidl_typesupport_cpp.dir/rosidl_typesupport_cpp/turtlesim/srv/teleport_absolute__type_support.cpp.o[0m
[6.415s] [ 40%] [32mBuilding CXX object CMakeFiles/turtlesim__rosidl_typesupport_introspection_cpp.dir/rosidl_typesupport_introspection_cpp/turtlesim/srv/detail/spawn__type_support.cpp.o[0m
[6.624s] [ 41%] [32mBuilding CXX object CMakeFiles/turtlesim__rosidl_typesupport_fastrtps_cpp.dir/rosidl_typesupport_fastrtps_cpp/turtlesim/srv/detail/dds_fastrtps/kill__type_support.cpp.o[0m
[6.647s] [ 42%] [32mBuilding CXX object CMakeFiles/turtlesim__rosidl_typesupport_introspection_cpp.dir/rosidl_typesupport_introspection_cpp/turtlesim/srv/detail/teleport_absolute__type_support.cpp.o[0m
[6.697s] [ 43%] [32mBuilding CXX object CMakeFiles/turtlesim__rosidl_typesupport_cpp.dir/rosidl_typesupport_cpp/turtlesim/srv/teleport_relative__type_support.cpp.o[0m
[6.847s] [ 44%] [32mBuilding CXX object CMakeFiles/turtlesim__rosidl_typesupport_introspection_cpp.dir/rosidl_typesupport_introspection_cpp/turtlesim/srv/detail/teleport_relative__type_support.cpp.o[0m
[7.032s] [ 45%] [32mBuilding CXX object CMakeFiles/turtlesim__rosidl_typesupport_fastrtps_cpp.dir/rosidl_typesupport_fastrtps_cpp/turtlesim/srv/detail/dds_fastrtps/set_pen__type_support.cpp.o[0m
[7.080s] [ 46%] [32m[1mLinking CXX shared library libturtlesim__rosidl_typesupport_cpp.so[0m
[7.174s] [ 46%] Built target turtlesim__rosidl_typesupport_cpp
[7.190s] [ 47%] [34m[1mGenerating C introspection for ROS interfaces[0m
[7.193s] [ 48%] [32m[1mLinking CXX shared library libturtlesim__rosidl_typesupport_introspection_cpp.so[0m
[7.197s] [ 49%] [32mBuilding CXX object CMakeFiles/turtlesim__rosidl_typesupport_fastrtps_cpp.dir/rosidl_typesupport_fastrtps_cpp/turtlesim/srv/detail/dds_fastrtps/spawn__type_support.cpp.o[0m
[7.326s] [ 49%] Built target turtlesim__rosidl_typesupport_introspection_cpp
[7.341s] [ 50%] [32mBuilding CXX object CMakeFiles/turtlesim__rosidl_typesupport_fastrtps_cpp.dir/rosidl_typesupport_fastrtps_cpp/turtlesim/srv/detail/dds_fastrtps/teleport_absolute__type_support.cpp.o[0m
[7.590s] [ 51%] [32mBuilding CXX object CMakeFiles/turtlesim__rosidl_typesupport_fastrtps_cpp.dir/rosidl_typesupport_fastrtps_cpp/turtlesim/srv/detail/dds_fastrtps/teleport_relative__type_support.cpp.o[0m
[8.035s] [ 52%] [32m[1mLinking CXX shared library libturtlesim__rosidl_typesupport_fastrtps_cpp.so[0m
[8.056s] [35m[1mScanning dependencies of target turtlesim__rosidl_typesupport_introspection_c[0m
[8.126s] [ 54%] [32mBuilding C object CMakeFiles/turtlesim__rosidl_typesupport_introspection_c.dir/rosidl_typesupport_introspection_c/turtlesim/msg/detail/color__type_support.c.o[0m
[8.127s] [ 54%] [32mBuilding C object CMakeFiles/turtlesim__rosidl_typesupport_introspection_c.dir/rosidl_typesupport_introspection_c/turtlesim/action/detail/rotate_absolute__type_support.c.o[0m
[8.139s] [ 55%] [32mBuilding C object CMakeFiles/turtlesim__rosidl_typesupport_introspection_c.dir/rosidl_typesupport_introspection_c/turtlesim/msg/detail/pose__type_support.c.o[0m
[8.207s] [ 56%] Built target turtlesim__rosidl_typesupport_fastrtps_cpp
[8.208s] [ 56%] [32mBuilding C object CMakeFiles/turtlesim__rosidl_typesupport_introspection_c.dir/rosidl_typesupport_introspection_c/turtlesim/srv/detail/kill__type_support.c.o[0m
[8.225s] [ 57%] [32mBuilding C object CMakeFiles/turtlesim__rosidl_typesupport_introspection_c.dir/rosidl_typesupport_introspection_c/turtlesim/srv/detail/set_pen__type_support.c.o[0m
[8.227s] [ 58%] [34m[1mGenerating C type support for eProsima Fast-RTPS[0m
[8.253s] [ 59%] [32mBuilding C object CMakeFiles/turtlesim__rosidl_typesupport_introspection_c.dir/rosidl_typesupport_introspection_c/turtlesim/srv/detail/spawn__type_support.c.o[0m
[8.272s] [ 60%] [32mBuilding C object CMakeFiles/turtlesim__rosidl_typesupport_introspection_c.dir/rosidl_typesupport_introspection_c/turtlesim/srv/detail/teleport_absolute__type_support.c.o[0m
[8.285s] [ 61%] [32mBuilding C object CMakeFiles/turtlesim__rosidl_typesupport_introspection_c.dir/rosidl_typesupport_introspection_c/turtlesim/srv/detail/teleport_relative__type_support.c.o[0m
[8.333s] [ 62%] [32m[1mLinking C shared library libturtlesim__rosidl_typesupport_introspection_c.so[0m
[8.382s] [ 62%] Built target turtlesim__rosidl_typesupport_introspection_c
[8.863s] [35m[1mScanning dependencies of target turtlesim__rosidl_typesupport_fastrtps_c[0m
[8.959s] [ 64%] [32mBuilding CXX object CMakeFiles/turtlesim__rosidl_typesupport_fastrtps_c.dir/rosidl_typesupport_fastrtps_c/turtlesim/action/detail/rotate_absolute__type_support_c.cpp.o[0m
[8.959s] [ 64%] [32mBuilding CXX object CMakeFiles/turtlesim__rosidl_typesupport_fastrtps_c.dir/rosidl_typesupport_fastrtps_c/turtlesim/msg/detail/pose__type_support_c.cpp.o[0m
[8.959s] [ 65%] [32mBuilding CXX object CMakeFiles/turtlesim__rosidl_typesupport_fastrtps_c.dir/rosidl_typesupport_fastrtps_c/turtlesim/msg/detail/color__type_support_c.cpp.o[0m
[8.964s] [ 66%] [32mBuilding CXX object CMakeFiles/turtlesim__rosidl_typesupport_fastrtps_c.dir/rosidl_typesupport_fastrtps_c/turtlesim/srv/detail/kill__type_support_c.cpp.o[0m
[9.348s] [ 67%] [32mBuilding CXX object CMakeFiles/turtlesim__rosidl_typesupport_fastrtps_c.dir/rosidl_typesupport_fastrtps_c/turtlesim/srv/detail/set_pen__type_support_c.cpp.o[0m
[9.385s] [ 68%] [32mBuilding CXX object CMakeFiles/turtlesim__rosidl_typesupport_fastrtps_c.dir/rosidl_typesupport_fastrtps_c/turtlesim/srv/detail/spawn__type_support_c.cpp.o[0m
[9.538s] [ 69%] [32mBuilding CXX object CMakeFiles/turtlesim__rosidl_typesupport_fastrtps_c.dir/rosidl_typesupport_fastrtps_c/turtlesim/srv/detail/teleport_absolute__type_support_c.cpp.o[0m
[9.647s] [ 70%] [32mBuilding CXX object CMakeFiles/turtlesim__rosidl_typesupport_fastrtps_c.dir/rosidl_typesupport_fastrtps_c/turtlesim/srv/detail/teleport_relative__type_support_c.cpp.o[0m
[10.083s] [ 71%] [32m[1mLinking CXX shared library libturtlesim__rosidl_typesupport_fastrtps_c.so[0m
[10.200s] [ 71%] Built target turtlesim__rosidl_typesupport_fastrtps_c
[10.218s] [35m[1mScanning dependencies of target turtlesim[0m
[10.237s] [ 71%] Built target turtlesim
[10.250s] [35m[1mScanning dependencies of target draw_square[0m
[10.251s] [35m[1mScanning dependencies of target turtle_teleop_key[0m
[10.251s] [35m[1mScanning dependencies of target turtlesim__py[0m
[10.252s] [35m[1mScanning dependencies of target mimic[0m
[10.290s] [ 72%] [34m[1mGenerating Python code for ROS interfaces[0m
[10.450s] [ 73%] [32mBuilding CXX object CMakeFiles/mimic.dir/tutorials/mimic.cpp.o[0m
[10.457s] [ 74%] [32mBuilding CXX object CMakeFiles/draw_square.dir/tutorials/draw_square.cpp.o[0m
[10.472s] [ 75%] [32mBuilding CXX object CMakeFiles/turtle_teleop_key.dir/tutorials/teleop_turtle_key.cpp.o[0m
[12.178s] [ 75%] Built target turtlesim__py
[12.195s] [ 76%] [34m[1mGenerating include/turtlesim/moc_turtle_frame.cpp[0m
[12.325s] [35m[1mScanning dependencies of target turtlesim_node[0m
[12.720s] [ 77%] [32mBuilding CXX object CMakeFiles/turtlesim_node.dir/src/turtlesim.cpp.o[0m
[16.646s] [ 78%] [32m[1mLinking CXX executable mimic[0m
[17.136s] [ 79%] [32m[1mLinking CXX executable turtle_teleop_key[0m
[17.246s] [ 80%] [32mBuilding CXX object CMakeFiles/turtlesim_node.dir/src/turtle.cpp.o[0m
[17.290s] [ 80%] Built target mimic
[17.305s] [ 81%] [32mBuilding CXX object CMakeFiles/turtlesim_node.dir/src/turtle_frame.cpp.o[0m
[17.577s] [ 81%] Built target turtle_teleop_key
[17.613s] [35m[1mScanning dependencies of target turtlesim__python[0m
[17.634s] [ 82%] [32m[1mLinking CXX executable draw_square[0m
[17.819s] [ 83%] [32mBuilding C object CMakeFiles/turtlesim__python.dir/rosidl_generator_py/turtlesim/action/_rotate_absolute_s.c.o[0m
[18.021s] [ 84%] [32mBuilding C object CMakeFiles/turtlesim__python.dir/rosidl_generator_py/turtlesim/msg/_color_s.c.o[0m
[18.169s] [ 85%] [32mBuilding C object CMakeFiles/turtlesim__python.dir/rosidl_generator_py/turtlesim/msg/_pose_s.c.o[0m
[18.331s] [ 85%] Built target draw_square
[18.340s] [ 86%] [32mBuilding C object CMakeFiles/turtlesim__python.dir/rosidl_generator_py/turtlesim/srv/_kill_s.c.o[0m
[18.344s] [ 87%] [32mBuilding C object CMakeFiles/turtlesim__python.dir/rosidl_generator_py/turtlesim/srv/_set_pen_s.c.o[0m
[18.471s] [ 88%] [32mBuilding CXX object CMakeFiles/turtlesim_node.dir/include/turtlesim/moc_turtle_frame.cpp.o[0m
[18.530s] [ 89%] [32mBuilding C object CMakeFiles/turtlesim__python.dir/rosidl_generator_py/turtlesim/srv/_spawn_s.c.o[0m
[18.694s] [ 90%] [32mBuilding C object CMakeFiles/turtlesim__python.dir/rosidl_generator_py/turtlesim/srv/_teleport_absolute_s.c.o[0m
[18.864s] [ 91%] [32mBuilding C object CMakeFiles/turtlesim__python.dir/rosidl_generator_py/turtlesim/srv/_teleport_relative_s.c.o[0m
[19.012s] [ 92%] [32m[1mLinking C shared library rosidl_generator_py/turtlesim/libturtlesim__python.so[0m
[19.080s] [ 92%] Built target turtlesim__python
[19.094s] [35m[1mScanning dependencies of target turtlesim__rosidl_typesupport_introspection_c__pyext[0m
[19.175s] [ 93%] [32mBuilding C object CMakeFiles/turtlesim__rosidl_typesupport_introspection_c__pyext.dir/rosidl_generator_py/turtlesim/_turtlesim_s.ep.rosidl_typesupport_introspection_c.c.o[0m
[19.399s] [ 94%] [32m[1mLinking C shared library rosidl_generator_py/turtlesim/turtlesim_s__rosidl_typesupport_introspection_c.cpython-38-x86_64-linux-gnu.so[0m
[19.467s] [ 94%] Built target turtlesim__rosidl_typesupport_introspection_c__pyext
[19.485s] [35m[1mScanning dependencies of target turtlesim__rosidl_typesupport_fastrtps_c__pyext[0m
[19.622s] [ 95%] [32mBuilding C object CMakeFiles/turtlesim__rosidl_typesupport_fastrtps_c__pyext.dir/rosidl_generator_py/turtlesim/_turtlesim_s.ep.rosidl_typesupport_fastrtps_c.c.o[0m
[19.879s] [ 96%] [32m[1mLinking CXX shared library rosidl_generator_py/turtlesim/turtlesim_s__rosidl_typesupport_fastrtps_c.cpython-38-x86_64-linux-gnu.so[0m
[19.972s] [ 96%] Built target turtlesim__rosidl_typesupport_fastrtps_c__pyext
[19.989s] [35m[1mScanning dependencies of target turtlesim__rosidl_typesupport_c__pyext[0m
[20.062s] [ 97%] [32mBuilding C object CMakeFiles/turtlesim__rosidl_typesupport_c__pyext.dir/rosidl_generator_py/turtlesim/_turtlesim_s.ep.rosidl_typesupport_c.c.o[0m
[20.263s] [ 98%] [32m[1mLinking C shared library rosidl_generator_py/turtlesim/turtlesim_s__rosidl_typesupport_c.cpython-38-x86_64-linux-gnu.so[0m
[20.327s] [ 98%] Built target turtlesim__rosidl_typesupport_c__pyext
[26.377s] [100%] [32m[1mLinking CXX executable turtlesim_node[0m
[28.454s] [100%] Built target turtlesim_node
[28.475s] Invoked command in '/root/rootfs/demo_workspace/build/turtlesim' returned '0': CMAKE_PREFIX_PATH=/opt/ros/foxy /usr/bin/cmake --build /root/rootfs/demo_workspace/build/turtlesim -- -j4 -l4
[28.682s] Invoking command in '/root/rootfs/demo_workspace/build/turtlesim': CMAKE_PREFIX_PATH=/opt/ros/foxy /usr/bin/cmake --install /root/rootfs/demo_workspace/build/turtlesim
[28.694s] -- Install configuration: ""
[28.695s] -- Installing: /root/rootfs/demo_workspace/install/turtlesim/share/ament_index/resource_index/rosidl_interfaces/turtlesim
[28.696s] -- Installing: /root/rootfs/demo_workspace/install/turtlesim/include/turtlesim
[28.696s] -- Installing: /root/rootfs/demo_workspace/install/turtlesim/include/turtlesim/srv
[28.696s] -- Installing: /root/rootfs/demo_workspace/install/turtlesim/include/turtlesim/srv/teleport_absolute.h
[28.697s] -- Installing: /root/rootfs/demo_workspace/install/turtlesim/include/turtlesim/srv/teleport_relative.h
[28.698s] -- Installing: /root/rootfs/demo_workspace/install/turtlesim/include/turtlesim/srv/set_pen.h
[28.698s] -- Installing: /root/rootfs/demo_workspace/install/turtlesim/include/turtlesim/srv/spawn.h
[28.699s] -- Installing: /root/rootfs/demo_workspace/install/turtlesim/include/turtlesim/srv/detail
[28.699s] -- Installing: /root/rootfs/demo_workspace/install/turtlesim/include/turtlesim/srv/detail/kill__struct.h
[28.700s] -- Installing: /root/rootfs/demo_workspace/install/turtlesim/include/turtlesim/srv/detail/spawn__functions.c
[28.701s] -- Installing: /root/rootfs/demo_workspace/install/turtlesim/include/turtlesim/srv/detail/set_pen__type_support.h
[28.701s] -- Installing: /root/rootfs/demo_workspace/install/turtlesim/include/turtlesim/srv/detail/kill__functions.c
[28.702s] -- Installing: /root/rootfs/demo_workspace/install/turtlesim/include/turtlesim/srv/detail/teleport_relative__functions.c
[28.703s] -- Installing: /root/rootfs/demo_workspace/install/turtlesim/include/turtlesim/srv/detail/teleport_absolute__functions.c
[28.703s] -- Installing: /root/rootfs/demo_workspace/install/turtlesim/include/turtlesim/srv/detail/teleport_absolute__struct.h
[28.704s] -- Installing: /root/rootfs/demo_workspace/install/turtlesim/include/turtlesim/srv/detail/teleport_relative__type_support.h
[28.704s] -- Installing: /root/rootfs/demo_workspace/install/turtlesim/include/turtlesim/srv/detail/teleport_relative__functions.h
[28.705s] -- Installing: /root/rootfs/demo_workspace/install/turtlesim/include/turtlesim/srv/detail/teleport_relative__struct.h
[28.705s] -- Installing: /root/rootfs/demo_workspace/install/turtlesim/include/turtlesim/srv/detail/set_pen__functions.c
[28.706s] -- Installing: /root/rootfs/demo_workspace/install/turtlesim/include/turtlesim/srv/detail/set_pen__functions.h
[28.706s] -- Installing: /root/rootfs/demo_workspace/install/turtlesim/include/turtlesim/srv/detail/teleport_absolute__type_support.h
[28.707s] -- Installing: /root/rootfs/demo_workspace/install/turtlesim/include/turtlesim/srv/detail/teleport_absolute__functions.h
[28.707s] -- Installing: /root/rootfs/demo_workspace/install/turtlesim/include/turtlesim/srv/detail/spawn__struct.h
[28.708s] -- Installing: /root/rootfs/demo_workspace/install/turtlesim/include/turtlesim/srv/detail/kill__type_support.h
[28.709s] -- Installing: /root/rootfs/demo_workspace/install/turtlesim/include/turtlesim/srv/detail/spawn__type_support.h
[28.710s] -- Installing: /root/rootfs/demo_workspace/install/turtlesim/include/turtlesim/srv/detail/set_pen__struct.h
[28.710s] -- Installing: /root/rootfs/demo_workspace/install/turtlesim/include/turtlesim/srv/detail/kill__functions.h
[28.711s] -- Installing: /root/rootfs/demo_workspace/install/turtlesim/include/turtlesim/srv/detail/spawn__functions.h
[28.712s] -- Installing: /root/rootfs/demo_workspace/install/turtlesim/include/turtlesim/srv/kill.h
[28.712s] -- Installing: /root/rootfs/demo_workspace/install/turtlesim/include/turtlesim/msg
[28.712s] -- Installing: /root/rootfs/demo_workspace/install/turtlesim/include/turtlesim/msg/rosidl_generator_c__visibility_control.h
[28.713s] -- Installing: /root/rootfs/demo_workspace/install/turtlesim/include/turtlesim/msg/pose.h
[28.714s] -- Installing: /root/rootfs/demo_workspace/install/turtlesim/include/turtlesim/msg/color.h
[28.714s] -- Installing: /root/rootfs/demo_workspace/install/turtlesim/include/turtlesim/msg/detail
[28.715s] -- Installing: /root/rootfs/demo_workspace/install/turtlesim/include/turtlesim/msg/detail/color__functions.h
[28.715s] -- Installing: /root/rootfs/demo_workspace/install/turtlesim/include/turtlesim/msg/detail/color__struct.h
[28.716s] -- Installing: /root/rootfs/demo_workspace/install/turtlesim/include/turtlesim/msg/detail/pose__type_support.h
[28.717s] -- Installing: /root/rootfs/demo_workspace/install/turtlesim/include/turtlesim/msg/detail/pose__functions.c
[28.717s] -- Installing: /root/rootfs/demo_workspace/install/turtlesim/include/turtlesim/msg/detail/pose__struct.h
[28.718s] -- Installing: /root/rootfs/demo_workspace/install/turtlesim/include/turtlesim/msg/detail/color__functions.c
[28.718s] -- Installing: /root/rootfs/demo_workspace/install/turtlesim/include/turtlesim/msg/detail/pose__functions.h
[28.719s] -- Installing: /root/rootfs/demo_workspace/install/turtlesim/include/turtlesim/msg/detail/color__type_support.h
[28.719s] -- Installing: /root/rootfs/demo_workspace/install/turtlesim/include/turtlesim/action
[28.720s] -- Installing: /root/rootfs/demo_workspace/install/turtlesim/include/turtlesim/action/detail
[28.720s] -- Installing: /root/rootfs/demo_workspace/install/turtlesim/include/turtlesim/action/detail/rotate_absolute__functions.h
[28.721s] -- Installing: /root/rootfs/demo_workspace/install/turtlesim/include/turtlesim/action/detail/rotate_absolute__type_support.h
[28.721s] -- Installing: /root/rootfs/demo_workspace/install/turtlesim/include/turtlesim/action/detail/rotate_absolute__struct.h
[28.722s] -- Installing: /root/rootfs/demo_workspace/install/turtlesim/include/turtlesim/action/detail/rotate_absolute__functions.c
[28.723s] -- Installing: /root/rootfs/demo_workspace/install/turtlesim/include/turtlesim/action/rotate_absolute.h
[28.724s] -- Installing: /root/rootfs/demo_workspace/install/turtlesim/share/turtlesim/environment/library_path.sh
[28.724s] -- Installing: /root/rootfs/demo_workspace/install/turtlesim/share/turtlesim/environment/library_path.dsv
[28.725s] -- Installing: /root/rootfs/demo_workspace/install/turtlesim/lib/libturtlesim__rosidl_generator_c.so
[28.727s] -- Set runtime path of "/root/rootfs/demo_workspace/install/turtlesim/lib/libturtlesim__rosidl_generator_c.so" to ""
[28.727s] -- Up-to-date: /root/rootfs/demo_workspace/install/turtlesim/include/turtlesim
[28.727s] -- Up-to-date: /root/rootfs/demo_workspace/install/turtlesim/include/turtlesim/srv
[28.728s] -- Up-to-date: /root/rootfs/demo_workspace/install/turtlesim/include/turtlesim/srv/detail
[28.728s] -- Installing: /root/rootfs/demo_workspace/install/turtlesim/include/turtlesim/srv/detail/spawn__rosidl_typesupport_fastrtps_c.h
[28.728s] -- Installing: /root/rootfs/demo_workspace/install/turtlesim/include/turtlesim/srv/detail/kill__rosidl_typesupport_fastrtps_c.h
[28.729s] -- Installing: /root/rootfs/demo_workspace/install/turtlesim/include/turtlesim/srv/detail/set_pen__rosidl_typesupport_fastrtps_c.h
[28.730s] -- Installing: /root/rootfs/demo_workspace/install/turtlesim/include/turtlesim/srv/detail/teleport_relative__rosidl_typesupport_fastrtps_c.h
[28.731s] -- Installing: /root/rootfs/demo_workspace/install/turtlesim/include/turtlesim/srv/detail/teleport_absolute__rosidl_typesupport_fastrtps_c.h
[28.731s] -- Up-to-date: /root/rootfs/demo_workspace/install/turtlesim/include/turtlesim/msg
[28.732s] -- Installing: /root/rootfs/demo_workspace/install/turtlesim/include/turtlesim/msg/rosidl_typesupport_fastrtps_c__visibility_control.h
[28.732s] -- Up-to-date: /root/rootfs/demo_workspace/install/turtlesim/include/turtlesim/msg/detail
[28.733s] -- Installing: /root/rootfs/demo_workspace/install/turtlesim/include/turtlesim/msg/detail/pose__rosidl_typesupport_fastrtps_c.h
[28.733s] -- Installing: /root/rootfs/demo_workspace/install/turtlesim/include/turtlesim/msg/detail/color__rosidl_typesupport_fastrtps_c.h
[28.734s] -- Up-to-date: /root/rootfs/demo_workspace/install/turtlesim/include/turtlesim/action
[28.734s] -- Up-to-date: /root/rootfs/demo_workspace/install/turtlesim/include/turtlesim/action/detail
[28.734s] -- Installing: /root/rootfs/demo_workspace/install/turtlesim/include/turtlesim/action/detail/rotate_absolute__rosidl_typesupport_fastrtps_c.h
[28.736s] -- Installing: /root/rootfs/demo_workspace/install/turtlesim/lib/libturtlesim__rosidl_typesupport_fastrtps_c.so
[28.738s] -- Set runtime path of "/root/rootfs/demo_workspace/install/turtlesim/lib/libturtlesim__rosidl_typesupport_fastrtps_c.so" to ""
[28.738s] -- Up-to-date: /root/rootfs/demo_workspace/install/turtlesim/include/turtlesim
[28.738s] -- Up-to-date: /root/rootfs/demo_workspace/install/turtlesim/include/turtlesim/srv
[28.738s] -- Up-to-date: /root/rootfs/demo_workspace/install/turtlesim/include/turtlesim/srv/detail
[28.738s] -- Installing: /root/rootfs/demo_workspace/install/turtlesim/include/turtlesim/srv/detail/set_pen__rosidl_typesupport_fastrtps_cpp.hpp
[28.739s] -- Installing: /root/rootfs/demo_workspace/install/turtlesim/include/turtlesim/srv/detail/kill__rosidl_typesupport_fastrtps_cpp.hpp
[28.740s] -- Installing: /root/rootfs/demo_workspace/install/turtlesim/include/turtlesim/srv/detail/teleport_relative__rosidl_typesupport_fastrtps_cpp.hpp
[28.741s] -- Installing: /root/rootfs/demo_workspace/install/turtlesim/include/turtlesim/srv/detail/spawn__rosidl_typesupport_fastrtps_cpp.hpp
[28.742s] -- Installing: /root/rootfs/demo_workspace/install/turtlesim/include/turtlesim/srv/detail/dds_fastrtps
[28.742s] -- Installing: /root/rootfs/demo_workspace/install/turtlesim/include/turtlesim/srv/detail/teleport_absolute__rosidl_typesupport_fastrtps_cpp.hpp
[28.743s] -- Up-to-date: /root/rootfs/demo_workspace/install/turtlesim/include/turtlesim/msg
[28.743s] -- Installing: /root/rootfs/demo_workspace/install/turtlesim/include/turtlesim/msg/rosidl_typesupport_fastrtps_cpp__visibility_control.h
[28.744s] -- Up-to-date: /root/rootfs/demo_workspace/install/turtlesim/include/turtlesim/msg/detail
[28.744s] -- Installing: /root/rootfs/demo_workspace/install/turtlesim/include/turtlesim/msg/detail/color__rosidl_typesupport_fastrtps_cpp.hpp
[28.745s] -- Installing: /root/rootfs/demo_workspace/install/turtlesim/include/turtlesim/msg/detail/pose__rosidl_typesupport_fastrtps_cpp.hpp
[28.745s] -- Installing: /root/rootfs/demo_workspace/install/turtlesim/include/turtlesim/msg/detail/dds_fastrtps
[28.746s] -- Up-to-date: /root/rootfs/demo_workspace/install/turtlesim/include/turtlesim/action
[28.746s] -- Up-to-date: /root/rootfs/demo_workspace/install/turtlesim/include/turtlesim/action/detail
[28.746s] -- Installing: /root/rootfs/demo_workspace/install/turtlesim/include/turtlesim/action/detail/rotate_absolute__rosidl_typesupport_fastrtps_cpp.hpp
[28.747s] -- Installing: /root/rootfs/demo_workspace/install/turtlesim/include/turtlesim/action/detail/dds_fastrtps
[28.747s] -- Installing: /root/rootfs/demo_workspace/install/turtlesim/lib/libturtlesim__rosidl_typesupport_fastrtps_cpp.so
[28.750s] -- Set runtime path of "/root/rootfs/demo_workspace/install/turtlesim/lib/libturtlesim__rosidl_typesupport_fastrtps_cpp.so" to ""
[28.750s] -- Up-to-date: /root/rootfs/demo_workspace/install/turtlesim/include/turtlesim
[28.750s] -- Up-to-date: /root/rootfs/demo_workspace/install/turtlesim/include/turtlesim/srv
[28.750s] -- Up-to-date: /root/rootfs/demo_workspace/install/turtlesim/include/turtlesim/srv/detail
[28.751s] -- Installing: /root/rootfs/demo_workspace/install/turtlesim/include/turtlesim/srv/detail/kill__rosidl_typesupport_introspection_c.h
[28.751s] -- Installing: /root/rootfs/demo_workspace/install/turtlesim/include/turtlesim/srv/detail/teleport_absolute__rosidl_typesupport_introspection_c.h
[28.751s] -- Installing: /root/rootfs/demo_workspace/install/turtlesim/include/turtlesim/srv/detail/teleport_absolute__type_support.c
[28.752s] -- Installing: /root/rootfs/demo_workspace/install/turtlesim/include/turtlesim/srv/detail/teleport_relative__type_support.c
[28.753s] -- Installing: /root/rootfs/demo_workspace/install/turtlesim/include/turtlesim/srv/detail/spawn__rosidl_typesupport_introspection_c.h
[28.754s] -- Installing: /root/rootfs/demo_workspace/install/turtlesim/include/turtlesim/srv/detail/set_pen__type_support.c
[28.754s] -- Installing: /root/rootfs/demo_workspace/install/turtlesim/include/turtlesim/srv/detail/spawn__type_support.c
[28.755s] -- Installing: /root/rootfs/demo_workspace/install/turtlesim/include/turtlesim/srv/detail/set_pen__rosidl_typesupport_introspection_c.h
[28.755s] -- Installing: /root/rootfs/demo_workspace/install/turtlesim/include/turtlesim/srv/detail/kill__type_support.c
[28.756s] -- Installing: /root/rootfs/demo_workspace/install/turtlesim/include/turtlesim/srv/detail/teleport_relative__rosidl_typesupport_introspection_c.h
[28.756s] -- Up-to-date: /root/rootfs/demo_workspace/install/turtlesim/include/turtlesim/msg
[28.757s] -- Up-to-date: /root/rootfs/demo_workspace/install/turtlesim/include/turtlesim/msg/detail
[28.757s] -- Installing: /root/rootfs/demo_workspace/install/turtlesim/include/turtlesim/msg/detail/color__type_support.c
[28.757s] -- Installing: /root/rootfs/demo_workspace/install/turtlesim/include/turtlesim/msg/detail/color__rosidl_typesupport_introspection_c.h
[28.758s] -- Installing: /root/rootfs/demo_workspace/install/turtlesim/include/turtlesim/msg/detail/pose__rosidl_typesupport_introspection_c.h
[28.758s] -- Installing: /root/rootfs/demo_workspace/install/turtlesim/include/turtlesim/msg/detail/pose__type_support.c
[28.759s] -- Installing: /root/rootfs/demo_workspace/install/turtlesim/include/turtlesim/msg/rosidl_typesupport_introspection_c__visibility_control.h
[28.760s] -- Up-to-date: /root/rootfs/demo_workspace/install/turtlesim/include/turtlesim/action
[28.760s] -- Up-to-date: /root/rootfs/demo_workspace/install/turtlesim/include/turtlesim/action/detail
[28.760s] -- Installing: /root/rootfs/demo_workspace/install/turtlesim/include/turtlesim/action/detail/rotate_absolute__type_support.c
[28.761s] -- Installing: /root/rootfs/demo_workspace/install/turtlesim/include/turtlesim/action/detail/rotate_absolute__rosidl_typesupport_introspection_c.h
[28.762s] -- Installing: /root/rootfs/demo_workspace/install/turtlesim/lib/libturtlesim__rosidl_typesupport_introspection_c.so
[28.765s] -- Set runtime path of "/root/rootfs/demo_workspace/install/turtlesim/lib/libturtlesim__rosidl_typesupport_introspection_c.so" to ""
[28.765s] -- Installing: /root/rootfs/demo_workspace/install/turtlesim/lib/libturtlesim__rosidl_typesupport_c.so
[28.767s] -- Set runtime path of "/root/rootfs/demo_workspace/install/turtlesim/lib/libturtlesim__rosidl_typesupport_c.so" to ""
[28.767s] -- Up-to-date: /root/rootfs/demo_workspace/install/turtlesim/include/turtlesim
[28.767s] -- Up-to-date: /root/rootfs/demo_workspace/install/turtlesim/include/turtlesim/srv
[28.767s] -- Installing: /root/rootfs/demo_workspace/install/turtlesim/include/turtlesim/srv/teleport_absolute.hpp
[28.768s] -- Installing: /root/rootfs/demo_workspace/install/turtlesim/include/turtlesim/srv/spawn.hpp
[28.768s] -- Installing: /root/rootfs/demo_workspace/install/turtlesim/include/turtlesim/srv/kill.hpp
[28.769s] -- Installing: /root/rootfs/demo_workspace/install/turtlesim/include/turtlesim/srv/teleport_relative.hpp
[28.770s] -- Up-to-date: /root/rootfs/demo_workspace/install/turtlesim/include/turtlesim/srv/detail
[28.770s] -- Installing: /root/rootfs/demo_workspace/install/turtlesim/include/turtlesim/srv/detail/teleport_relative__struct.hpp
[28.771s] -- Installing: /root/rootfs/demo_workspace/install/turtlesim/include/turtlesim/srv/detail/kill__builder.hpp
[28.772s] -- Installing: /root/rootfs/demo_workspace/install/turtlesim/include/turtlesim/srv/detail/teleport_absolute__traits.hpp
[28.773s] -- Installing: /root/rootfs/demo_workspace/install/turtlesim/include/turtlesim/srv/detail/spawn__builder.hpp
[28.773s] -- Installing: /root/rootfs/demo_workspace/install/turtlesim/include/turtlesim/srv/detail/teleport_absolute__struct.hpp
[28.774s] -- Installing: /root/rootfs/demo_workspace/install/turtlesim/include/turtlesim/srv/detail/teleport_relative__builder.hpp
[28.775s] -- Installing: /root/rootfs/demo_workspace/install/turtlesim/include/turtlesim/srv/detail/spawn__struct.hpp
[28.775s] -- Installing: /root/rootfs/demo_workspace/install/turtlesim/include/turtlesim/srv/detail/teleport_relative__traits.hpp
[28.776s] -- Installing: /root/rootfs/demo_workspace/install/turtlesim/include/turtlesim/srv/detail/set_pen__struct.hpp
[28.777s] -- Installing: /root/rootfs/demo_workspace/install/turtlesim/include/turtlesim/srv/detail/kill__traits.hpp
[28.778s] -- Installing: /root/rootfs/demo_workspace/install/turtlesim/include/turtlesim/srv/detail/kill__struct.hpp
[28.779s] -- Installing: /root/rootfs/demo_workspace/install/turtlesim/include/turtlesim/srv/detail/teleport_absolute__builder.hpp
[28.780s] -- Installing: /root/rootfs/demo_workspace/install/turtlesim/include/turtlesim/srv/detail/spawn__traits.hpp
[28.780s] -- Installing: /root/rootfs/demo_workspace/install/turtlesim/include/turtlesim/srv/detail/set_pen__builder.hpp
[28.781s] -- Installing: /root/rootfs/demo_workspace/install/turtlesim/include/turtlesim/srv/detail/set_pen__traits.hpp
[28.782s] -- Installing: /root/rootfs/demo_workspace/install/turtlesim/include/turtlesim/srv/set_pen.hpp
[28.782s] -- Up-to-date: /root/rootfs/demo_workspace/install/turtlesim/include/turtlesim/msg
[28.783s] -- Installing: /root/rootfs/demo_workspace/install/turtlesim/include/turtlesim/msg/pose.hpp
[28.783s] -- Installing: /root/rootfs/demo_workspace/install/turtlesim/include/turtlesim/msg/color.hpp
[28.784s] -- Up-to-date: /root/rootfs/demo_workspace/install/turtlesim/include/turtlesim/msg/detail
[28.784s] -- Installing: /root/rootfs/demo_workspace/install/turtlesim/include/turtlesim/msg/detail/pose__struct.hpp
[28.785s] -- Installing: /root/rootfs/demo_workspace/install/turtlesim/include/turtlesim/msg/detail/pose__traits.hpp
[28.786s] -- Installing: /root/rootfs/demo_workspace/install/turtlesim/include/turtlesim/msg/detail/color__struct.hpp
[28.786s] -- Installing: /root/rootfs/demo_workspace/install/turtlesim/include/turtlesim/msg/detail/color__builder.hpp
[28.787s] -- Installing: /root/rootfs/demo_workspace/install/turtlesim/include/turtlesim/msg/detail/pose__builder.hpp
[28.788s] -- Installing: /root/rootfs/demo_workspace/install/turtlesim/include/turtlesim/msg/detail/color__traits.hpp
[28.788s] -- Up-to-date: /root/rootfs/demo_workspace/install/turtlesim/include/turtlesim/action
[28.788s] -- Installing: /root/rootfs/demo_workspace/install/turtlesim/include/turtlesim/action/rotate_absolute.hpp
[28.789s] -- Up-to-date: /root/rootfs/demo_workspace/install/turtlesim/include/turtlesim/action/detail
[28.789s] -- Installing: /root/rootfs/demo_workspace/install/turtlesim/include/turtlesim/action/detail/rotate_absolute__builder.hpp
[28.790s] -- Installing: /root/rootfs/demo_workspace/install/turtlesim/include/turtlesim/action/detail/rotate_absolute__traits.hpp
[28.790s] -- Installing: /root/rootfs/demo_workspace/install/turtlesim/include/turtlesim/action/detail/rotate_absolute__struct.hpp
[28.791s] -- Up-to-date: /root/rootfs/demo_workspace/install/turtlesim/include/turtlesim
[28.791s] -- Up-to-date: /root/rootfs/demo_workspace/install/turtlesim/include/turtlesim/srv
[28.792s] -- Up-to-date: /root/rootfs/demo_workspace/install/turtlesim/include/turtlesim/srv/detail
[28.792s] -- Installing: /root/rootfs/demo_workspace/install/turtlesim/include/turtlesim/srv/detail/spawn__type_support.cpp
[28.793s] -- Installing: /root/rootfs/demo_workspace/install/turtlesim/include/turtlesim/srv/detail/teleport_relative__rosidl_typesupport_introspection_cpp.hpp
[28.793s] -- Installing: /root/rootfs/demo_workspace/install/turtlesim/include/turtlesim/srv/detail/teleport_absolute__type_support.cpp
[28.794s] -- Installing: /root/rootfs/demo_workspace/install/turtlesim/include/turtlesim/srv/detail/teleport_relative__type_support.cpp
[28.795s] -- Installing: /root/rootfs/demo_workspace/install/turtlesim/include/turtlesim/srv/detail/set_pen__type_support.cpp
[28.796s] -- Installing: /root/rootfs/demo_workspace/install/turtlesim/include/turtlesim/srv/detail/set_pen__rosidl_typesupport_introspection_cpp.hpp
[28.796s] -- Installing: /root/rootfs/demo_workspace/install/turtlesim/include/turtlesim/srv/detail/kill__rosidl_typesupport_introspection_cpp.hpp
[28.797s] -- Installing: /root/rootfs/demo_workspace/install/turtlesim/include/turtlesim/srv/detail/kill__type_support.cpp
[28.798s] -- Installing: /root/rootfs/demo_workspace/install/turtlesim/include/turtlesim/srv/detail/spawn__rosidl_typesupport_introspection_cpp.hpp
[28.798s] -- Installing: /root/rootfs/demo_workspace/install/turtlesim/include/turtlesim/srv/detail/teleport_absolute__rosidl_typesupport_introspection_cpp.hpp
[28.799s] -- Up-to-date: /root/rootfs/demo_workspace/install/turtlesim/include/turtlesim/msg
[28.799s] -- Up-to-date: /root/rootfs/demo_workspace/install/turtlesim/include/turtlesim/msg/detail
[28.799s] -- Installing: /root/rootfs/demo_workspace/install/turtlesim/include/turtlesim/msg/detail/pose__rosidl_typesupport_introspection_cpp.hpp
[28.800s] -- Installing: /root/rootfs/demo_workspace/install/turtlesim/include/turtlesim/msg/detail/pose__type_support.cpp
[28.801s] -- Installing: /root/rootfs/demo_workspace/install/turtlesim/include/turtlesim/msg/detail/color__rosidl_typesupport_introspection_cpp.hpp
[28.801s] -- Installing: /root/rootfs/demo_workspace/install/turtlesim/include/turtlesim/msg/detail/color__type_support.cpp
[28.803s] -- Up-to-date: /root/rootfs/demo_workspace/install/turtlesim/include/turtlesim/action
[28.803s] -- Up-to-date: /root/rootfs/demo_workspace/install/turtlesim/include/turtlesim/action/detail
[28.803s] -- Installing: /root/rootfs/demo_workspace/install/turtlesim/include/turtlesim/action/detail/rotate_absolute__rosidl_typesupport_introspection_cpp.hpp
[28.804s] -- Installing: /root/rootfs/demo_workspace/install/turtlesim/include/turtlesim/action/detail/rotate_absolute__type_support.cpp
[28.805s] -- Installing: /root/rootfs/demo_workspace/install/turtlesim/lib/libturtlesim__rosidl_typesupport_introspection_cpp.so
[28.808s] -- Set runtime path of "/root/rootfs/demo_workspace/install/turtlesim/lib/libturtlesim__rosidl_typesupport_introspection_cpp.so" to ""
[28.808s] -- Installing: /root/rootfs/demo_workspace/install/turtlesim/lib/libturtlesim__rosidl_typesupport_cpp.so
[28.810s] -- Set runtime path of "/root/rootfs/demo_workspace/install/turtlesim/lib/libturtlesim__rosidl_typesupport_cpp.so" to ""
[28.810s] -- Installing: /root/rootfs/demo_workspace/install/turtlesim/share/turtlesim/environment/pythonpath.sh
[28.811s] -- Installing: /root/rootfs/demo_workspace/install/turtlesim/share/turtlesim/environment/pythonpath.dsv
[28.812s] -- Installing: /root/rootfs/demo_workspace/install/turtlesim/lib/python3.8/site-packages/turtlesim/__init__.py
[28.846s] Compiling '/root/rootfs/demo_workspace/install/turtlesim/lib/python3.8/site-packages/turtlesim/__init__.py'...
[28.851s] -- Installing: /root/rootfs/demo_workspace/install/turtlesim/lib/python3.8/site-packages/turtlesim/action
[28.851s] -- Installing: /root/rootfs/demo_workspace/install/turtlesim/lib/python3.8/site-packages/turtlesim/action/_rotate_absolute_s.c
[28.852s] -- Installing: /root/rootfs/demo_workspace/install/turtlesim/lib/python3.8/site-packages/turtlesim/action/__init__.py
[28.853s] -- Installing: /root/rootfs/demo_workspace/install/turtlesim/lib/python3.8/site-packages/turtlesim/action/_rotate_absolute.py
[28.854s] -- Installing: /root/rootfs/demo_workspace/install/turtlesim/lib/python3.8/site-packages/turtlesim/msg
[28.854s] -- Installing: /root/rootfs/demo_workspace/install/turtlesim/lib/python3.8/site-packages/turtlesim/msg/_pose.py
[28.855s] -- Installing: /root/rootfs/demo_workspace/install/turtlesim/lib/python3.8/site-packages/turtlesim/msg/__init__.py
[28.856s] -- Installing: /root/rootfs/demo_workspace/install/turtlesim/lib/python3.8/site-packages/turtlesim/msg/_color_s.c
[28.856s] -- Installing: /root/rootfs/demo_workspace/install/turtlesim/lib/python3.8/site-packages/turtlesim/msg/_color.py
[28.857s] -- Installing: /root/rootfs/demo_workspace/install/turtlesim/lib/python3.8/site-packages/turtlesim/msg/_pose_s.c
[28.858s] -- Installing: /root/rootfs/demo_workspace/install/turtlesim/lib/python3.8/site-packages/turtlesim/srv
[28.858s] -- Installing: /root/rootfs/demo_workspace/install/turtlesim/lib/python3.8/site-packages/turtlesim/srv/_spawn_s.c
[28.859s] -- Installing: /root/rootfs/demo_workspace/install/turtlesim/lib/python3.8/site-packages/turtlesim/srv/_kill_s.c
[28.860s] -- Installing: /root/rootfs/demo_workspace/install/turtlesim/lib/python3.8/site-packages/turtlesim/srv/_teleport_absolute.py
[28.860s] -- Installing: /root/rootfs/demo_workspace/install/turtlesim/lib/python3.8/site-packages/turtlesim/srv/_teleport_relative.py
[28.861s] -- Installing: /root/rootfs/demo_workspace/install/turtlesim/lib/python3.8/site-packages/turtlesim/srv/_spawn.py
[28.862s] -- Installing: /root/rootfs/demo_workspace/install/turtlesim/lib/python3.8/site-packages/turtlesim/srv/_teleport_absolute_s.c
[28.862s] -- Installing: /root/rootfs/demo_workspace/install/turtlesim/lib/python3.8/site-packages/turtlesim/srv/__init__.py
[28.863s] -- Installing: /root/rootfs/demo_workspace/install/turtlesim/lib/python3.8/site-packages/turtlesim/srv/_set_pen_s.c
[28.863s] -- Installing: /root/rootfs/demo_workspace/install/turtlesim/lib/python3.8/site-packages/turtlesim/srv/_set_pen.py
[28.864s] -- Installing: /root/rootfs/demo_workspace/install/turtlesim/lib/python3.8/site-packages/turtlesim/srv/_kill.py
[28.865s] -- Installing: /root/rootfs/demo_workspace/install/turtlesim/lib/python3.8/site-packages/turtlesim/srv/_teleport_relative_s.c
[28.865s] -- Installing: /root/rootfs/demo_workspace/install/turtlesim/lib/python3.8/site-packages/turtlesim/turtlesim_s__rosidl_typesupport_fastrtps_c.cpython-38-x86_64-linux-gnu.so
[28.867s] -- Set runtime path of "/root/rootfs/demo_workspace/install/turtlesim/lib/python3.8/site-packages/turtlesim/turtlesim_s__rosidl_typesupport_fastrtps_c.cpython-38-x86_64-linux-gnu.so" to ""
[28.867s] -- Installing: /root/rootfs/demo_workspace/install/turtlesim/lib/python3.8/site-packages/turtlesim/turtlesim_s__rosidl_typesupport_introspection_c.cpython-38-x86_64-linux-gnu.so
[28.869s] -- Set runtime path of "/root/rootfs/demo_workspace/install/turtlesim/lib/python3.8/site-packages/turtlesim/turtlesim_s__rosidl_typesupport_introspection_c.cpython-38-x86_64-linux-gnu.so" to ""
[28.869s] -- Installing: /root/rootfs/demo_workspace/install/turtlesim/lib/python3.8/site-packages/turtlesim/turtlesim_s__rosidl_typesupport_c.cpython-38-x86_64-linux-gnu.so
[28.871s] -- Set runtime path of "/root/rootfs/demo_workspace/install/turtlesim/lib/python3.8/site-packages/turtlesim/turtlesim_s__rosidl_typesupport_c.cpython-38-x86_64-linux-gnu.so" to ""
[28.871s] -- Installing: /root/rootfs/demo_workspace/install/turtlesim/lib/libturtlesim__python.so
[28.872s] -- Set runtime path of "/root/rootfs/demo_workspace/install/turtlesim/lib/libturtlesim__python.so" to ""
[28.873s] -- Installing: /root/rootfs/demo_workspace/install/turtlesim/share/turtlesim/action/RotateAbsolute.idl
[28.873s] -- Installing: /root/rootfs/demo_workspace/install/turtlesim/share/turtlesim/msg/Color.idl
[28.874s] -- Installing: /root/rootfs/demo_workspace/install/turtlesim/share/turtlesim/msg/Pose.idl
[28.875s] -- Installing: /root/rootfs/demo_workspace/install/turtlesim/share/turtlesim/srv/Kill.idl
[28.876s] -- Installing: /root/rootfs/demo_workspace/install/turtlesim/share/turtlesim/srv/SetPen.idl
[28.877s] -- Installing: /root/rootfs/demo_workspace/install/turtlesim/share/turtlesim/srv/Spawn.idl
[28.877s] -- Installing: /root/rootfs/demo_workspace/install/turtlesim/share/turtlesim/srv/TeleportAbsolute.idl
[28.878s] -- Installing: /root/rootfs/demo_workspace/install/turtlesim/share/turtlesim/srv/TeleportRelative.idl
[28.880s] -- Installing: /root/rootfs/demo_workspace/install/turtlesim/share/turtlesim/action/RotateAbsolute.action
[28.881s] -- Installing: /root/rootfs/demo_workspace/install/turtlesim/share/turtlesim/msg/Color.msg
[28.882s] -- Installing: /root/rootfs/demo_workspace/install/turtlesim/share/turtlesim/msg/Pose.msg
[28.883s] -- Installing: /root/rootfs/demo_workspace/install/turtlesim/share/turtlesim/srv/Kill.srv
[28.884s] -- Installing: /root/rootfs/demo_workspace/install/turtlesim/share/turtlesim/srv/Kill_Request.msg
[28.885s] -- Installing: /root/rootfs/demo_workspace/install/turtlesim/share/turtlesim/srv/Kill_Response.msg
[28.885s] -- Installing: /root/rootfs/demo_workspace/install/turtlesim/share/turtlesim/srv/SetPen.srv
[28.886s] -- Installing: /root/rootfs/demo_workspace/install/turtlesim/share/turtlesim/srv/SetPen_Request.msg
[28.887s] -- Installing: /root/rootfs/demo_workspace/install/turtlesim/share/turtlesim/srv/SetPen_Response.msg
[28.888s] -- Installing: /root/rootfs/demo_workspace/install/turtlesim/share/turtlesim/srv/Spawn.srv
[28.888s] -- Installing: /root/rootfs/demo_workspace/install/turtlesim/share/turtlesim/srv/Spawn_Request.msg
[28.889s] -- Installing: /root/rootfs/demo_workspace/install/turtlesim/share/turtlesim/srv/Spawn_Response.msg
[28.890s] -- Installing: /root/rootfs/demo_workspace/install/turtlesim/share/turtlesim/srv/TeleportAbsolute.srv
[28.891s] -- Installing: /root/rootfs/demo_workspace/install/turtlesim/share/turtlesim/srv/TeleportAbsolute_Request.msg
[28.892s] -- Installing: /root/rootfs/demo_workspace/install/turtlesim/share/turtlesim/srv/TeleportAbsolute_Response.msg
[28.892s] -- Installing: /root/rootfs/demo_workspace/install/turtlesim/share/turtlesim/srv/TeleportRelative.srv
[28.893s] -- Installing: /root/rootfs/demo_workspace/install/turtlesim/share/turtlesim/srv/TeleportRelative_Request.msg
[28.894s] -- Installing: /root/rootfs/demo_workspace/install/turtlesim/share/turtlesim/srv/TeleportRelative_Response.msg
[28.895s] -- Installing: /root/rootfs/demo_workspace/install/turtlesim/lib/turtlesim/turtlesim_node
[28.922s] -- Set runtime path of "/root/rootfs/demo_workspace/install/turtlesim/lib/turtlesim/turtlesim_node" to ""
[28.922s] -- Installing: /root/rootfs/demo_workspace/install/turtlesim/lib/turtlesim/turtle_teleop_key
[28.932s] -- Set runtime path of "/root/rootfs/demo_workspace/install/turtlesim/lib/turtlesim/turtle_teleop_key" to ""
[28.932s] -- Installing: /root/rootfs/demo_workspace/install/turtlesim/lib/turtlesim/draw_square
[28.943s] -- Set runtime path of "/root/rootfs/demo_workspace/install/turtlesim/lib/turtlesim/draw_square" to ""
[28.944s] -- Installing: /root/rootfs/demo_workspace/install/turtlesim/lib/turtlesim/mimic
[28.954s] -- Set runtime path of "/root/rootfs/demo_workspace/install/turtlesim/lib/turtlesim/mimic" to ""
[28.954s] -- Installing: /root/rootfs/demo_workspace/install/turtlesim/share/turtlesim/images
[28.955s] -- Installing: /root/rootfs/demo_workspace/install/turtlesim/share/turtlesim/images/eloquent.png
[28.955s] -- Installing: /root/rootfs/demo_workspace/install/turtlesim/share/turtlesim/images/crystal.png
[28.956s] -- Installing: /root/rootfs/demo_workspace/install/turtlesim/share/turtlesim/images/ardent.png
[28.956s] -- Installing: /root/rootfs/demo_workspace/install/turtlesim/share/turtlesim/images/dashing.png
[28.957s] -- Installing: /root/rootfs/demo_workspace/install/turtlesim/share/turtlesim/images/foxy.png
[28.959s] -- Installing: /root/rootfs/demo_workspace/install/turtlesim/share/turtlesim/images/bouncy.png
[28.960s] -- Installing: /root/rootfs/demo_workspace/install/turtlesim/share/turtlesim/launch
[28.961s] -- Installing: /root/rootfs/demo_workspace/install/turtlesim/share/turtlesim/launch/multisim.launch.py
[28.962s] -- Installing: /root/rootfs/demo_workspace/install/turtlesim/share/ament_index/resource_index/package_run_dependencies/turtlesim
[28.963s] -- Installing: /root/rootfs/demo_workspace/install/turtlesim/share/ament_index/resource_index/parent_prefix_path/turtlesim
[28.964s] -- Installing: /root/rootfs/demo_workspace/install/turtlesim/share/turtlesim/environment/ament_prefix_path.sh
[28.965s] -- Installing: /root/rootfs/demo_workspace/install/turtlesim/share/turtlesim/environment/ament_prefix_path.dsv
[28.965s] -- Installing: /root/rootfs/demo_workspace/install/turtlesim/share/turtlesim/environment/path.sh
[28.966s] -- Installing: /root/rootfs/demo_workspace/install/turtlesim/share/turtlesim/environment/path.dsv
[28.967s] -- Installing: /root/rootfs/demo_workspace/install/turtlesim/share/turtlesim/local_setup.bash
[28.967s] -- Installing: /root/rootfs/demo_workspace/install/turtlesim/share/turtlesim/local_setup.sh
[28.968s] -- Installing: /root/rootfs/demo_workspace/install/turtlesim/share/turtlesim/local_setup.zsh
[28.969s] -- Installing: /root/rootfs/demo_workspace/install/turtlesim/share/turtlesim/local_setup.dsv
[28.969s] -- Installing: /root/rootfs/demo_workspace/install/turtlesim/share/turtlesim/package.dsv
[28.970s] -- Installing: /root/rootfs/demo_workspace/install/turtlesim/share/ament_index/resource_index/packages/turtlesim
[28.971s] -- Installing: /root/rootfs/demo_workspace/install/turtlesim/share/turtlesim/cmake/turtlesim__rosidl_generator_cExport.cmake
[28.972s] -- Installing: /root/rootfs/demo_workspace/install/turtlesim/share/turtlesim/cmake/turtlesim__rosidl_generator_cExport-noconfig.cmake
[28.973s] -- Installing: /root/rootfs/demo_workspace/install/turtlesim/share/turtlesim/cmake/turtlesim__rosidl_typesupport_introspection_cExport.cmake
[28.973s] -- Installing: /root/rootfs/demo_workspace/install/turtlesim/share/turtlesim/cmake/turtlesim__rosidl_typesupport_introspection_cExport-noconfig.cmake
[28.974s] -- Installing: /root/rootfs/demo_workspace/install/turtlesim/share/turtlesim/cmake/turtlesim__rosidl_typesupport_cExport.cmake
[28.975s] -- Installing: /root/rootfs/demo_workspace/install/turtlesim/share/turtlesim/cmake/turtlesim__rosidl_typesupport_cExport-noconfig.cmake
[28.976s] -- Installing: /root/rootfs/demo_workspace/install/turtlesim/share/turtlesim/cmake/turtlesim__rosidl_generator_cppExport.cmake
[28.977s] -- Installing: /root/rootfs/demo_workspace/install/turtlesim/share/turtlesim/cmake/turtlesim__rosidl_typesupport_introspection_cppExport.cmake
[28.978s] -- Installing: /root/rootfs/demo_workspace/install/turtlesim/share/turtlesim/cmake/turtlesim__rosidl_typesupport_introspection_cppExport-noconfig.cmake
[28.979s] -- Installing: /root/rootfs/demo_workspace/install/turtlesim/share/turtlesim/cmake/turtlesim__rosidl_typesupport_cppExport.cmake
[28.980s] -- Installing: /root/rootfs/demo_workspace/install/turtlesim/share/turtlesim/cmake/turtlesim__rosidl_typesupport_cppExport-noconfig.cmake
[28.981s] -- Installing: /root/rootfs/demo_workspace/install/turtlesim/share/turtlesim/cmake/rosidl_cmake-extras.cmake
[28.981s] -- Installing: /root/rootfs/demo_workspace/install/turtlesim/share/turtlesim/cmake/ament_cmake_export_dependencies-extras.cmake
[28.982s] -- Installing: /root/rootfs/demo_workspace/install/turtlesim/share/turtlesim/cmake/ament_cmake_export_libraries-extras.cmake
[28.983s] -- Installing: /root/rootfs/demo_workspace/install/turtlesim/share/turtlesim/cmake/ament_cmake_export_targets-extras.cmake
[28.983s] -- Installing: /root/rootfs/demo_workspace/install/turtlesim/share/turtlesim/cmake/ament_cmake_export_include_directories-extras.cmake
[28.984s] -- Installing: /root/rootfs/demo_workspace/install/turtlesim/share/turtlesim/cmake/rosidl_cmake_export_typesupport_libraries-extras.cmake
[28.985s] -- Installing: /root/rootfs/demo_workspace/install/turtlesim/share/turtlesim/cmake/rosidl_cmake_export_typesupport_targets-extras.cmake
[28.985s] -- Installing: /root/rootfs/demo_workspace/install/turtlesim/share/turtlesim/cmake/turtlesimConfig.cmake
[28.986s] -- Installing: /root/rootfs/demo_workspace/install/turtlesim/share/turtlesim/cmake/turtlesimConfig-version.cmake
[28.986s] -- Installing: /root/rootfs/demo_workspace/install/turtlesim/share/turtlesim/package.xml
[28.990s] Invoked command in '/root/rootfs/demo_workspace/build/turtlesim' returned '0': CMAKE_PREFIX_PATH=/opt/ros/foxy /usr/bin/cmake --install /root/rootfs/demo_workspace/build/turtlesim
